#
# A fatal error has been detected by the Java Runtime Environment:
#
#  EXCEPTION_ACCESS_VIOLATION (0xc0000005) at pc=0x0000000067752513, pid=11404, tid=4660
#
# JRE version: Java(TM) SE Runtime Environment (16.0.1+9) (build 16.0.1+9-24)
# Java VM: Java HotSpot(TM) 64-Bit Server VM (16.0.1+9-24, mixed mode, sharing, tiered, compressed oops, compressed class ptrs, g1 gc, windows-amd64)
# Problematic frame:
# C  [sqlite-3.34.0-b4abaa0b-9205-46d2-b626-38d4d427cd15-sqlitejdbc.dll+0x12513]
#
# No core dump will be written. Minidumps are not enabled by default on client versions of Windows
#
# If you would like to submit a bug report, please visit:
#   https://bugreport.java.com/bugreport/crash.jsp
# The crash happened outside the Java Virtual Machine in native code.
# See problematic frame for where to report the bug.
#

---------------  S U M M A R Y ------------

Command Line: --module-path=C:\Program Files\Java\javafx-sdk-16\lib --add-modules=javafx.controls,javafx.fxml -javaagent:C:\Program Files\JetBrains\IntelliJ IDEA 2021.1.1\lib\idea_rt.jar=52700:C:\Program Files\JetBrains\IntelliJ IDEA 2021.1.1\bin -Dfile.encoding=UTF-8 com.bardiademon.Main

Host: Intel(R) Core(TM) i7-7700HQ CPU @ 2.80GHz, 8 cores, 15G,  Windows 10 , 64 bit Build 19041 (10.0.19041.1023)
Time: Sat Jun 19 14:06:20 2021 Iran Daylight Time elapsed time: 21.816589 seconds (0d 0h 0m 21s)

---------------  T H R E A D  ---------------

Current thread (0x000001ea92455a40):  JavaThread "Thread-9" [_thread_in_native, id=4660, stack(0x000000bb73d00000,0x000000bb73e00000)]

Stack: [0x000000bb73d00000,0x000000bb73e00000],  sp=0x000000bb73dff2c0,  free space=1020k
Native frames: (J=compiled Java code, j=interpreted, Vv=VM code, C=native code)
C  [sqlite-3.34.0-b4abaa0b-9205-46d2-b626-38d4d427cd15-sqlitejdbc.dll+0x12513]

Java frames: (J=compiled Java code, j=interpreted, Vv=VM code)
j  org.sqlite.core.NativeDB.column_int(JI)I+0
j  org.sqlite.jdbc3.JDBC3ResultSet.getInt(I)I+18
j  com.bardiademon.models.DownloadList.DownloadListService.getCount()I+40
j  com.bardiademon.models.DownloadList.DownloadListService.findAll()Ljava/util/List;+10
j  com.bardiademon.controllers.MainController.lambda$refresh$4()V+33
j  com.bardiademon.controllers.MainController$$Lambda$178+0x0000000800d58c30.run()V+4
j  java.lang.Thread.run()V+11 java.base@16.0.1
v  ~StubRoutines::call_stub

siginfo: EXCEPTION_ACCESS_VIOLATION (0xc0000005), reading address 0x000001ea9302f7d8


Register to memory mapping:

RIP=0x0000000067752513 sqlite-3.34.0-b4abaa0b-9205-46d2-b626-38d4d427cd15-sqlitejdbc.dll
RAX=0x00000000677f66c0 sqlite-3.34.0-b4abaa0b-9205-46d2-b626-38d4d427cd15-sqlitejdbc.dll
RBX=0x0 is NULL
RCX=0x000001ea9302f7d8 is an unknown value
RDX=0x0 is NULL
RSP=0x000000bb73dff2c0 is pointing into the stack for thread: 0x000001ea92455a40
RBP=0x000000bb73dff3e0 is pointing into the stack for thread: 0x000001ea92455a40
RSI=0x000001ea9302f7d8 is an unknown value
RDI=0x0000000705e001d0 is pointing into object: [J 
{0x0000000705e00198} - klass: {type array long}
 - length: 32
R8 =0x000001ea9302f7d8 points into unknown readable memory: 0x000001ea9302f328 | 28 f3 02 93 ea 01 00 00
R9 =0x0 is NULL
R10=0x000001ea8000e801 is at code_begin+1249 in an Interpreter codelet
method entry point (kind = native_synchronized)  [0x000001ea8000e320, 0x000001ea8000ee00]  2784 bytes
R11=0x0000000000000121 is an unknown value
R12=0x0 is NULL
R13={method} {0x000001ea915b6db0} 'column_int' '(JI)I' in 'org/sqlite/core/NativeDB'
R14=0x000000bb73dff418 is pointing into the stack for thread: 0x000001ea92455a40
R15=0x000001ea92455a40 is a thread


Registers:
RAX=0x00000000677f66c0, RBX=0x0000000000000000, RCX=0x000001ea9302f7d8, RDX=0x0000000000000000
RSP=0x000000bb73dff2c0, RBP=0x000000bb73dff3e0, RSI=0x000001ea9302f7d8, RDI=0x0000000705e001d0
R8 =0x000001ea9302f7d8, R9 =0x0000000000000000, R10=0x000001ea8000e801, R11=0x0000000000000121
R12=0x0000000000000000, R13=0x000001ea915b6da8, R14=0x000000bb73dff418, R15=0x000001ea92455a40
RIP=0x0000000067752513, EFLAGS=0x0000000000010206

Top of Stack: (sp=0x000000bb73dff2c0)
0x000000bb73dff2c0:   000000bb73dff418 000001ea915b6da8
0x000000bb73dff2d0:   0000000000000000 000001ea92455a40
0x000000bb73dff2e0:   000000bb73dff388 000001ea9302f7d8
0x000000bb73dff2f0:   0000000705e001a0 000000006775256e
0x000000bb73dff300:   000001eaff989b00 000001ea00000005
0x000000bb73dff310:   000000bb00000002 000001ea9f598040
0x000000bb73dff320:   000001ea9f597f00 00007ffddac57eb0
0x000000bb73dff330:   000001ea915b6da8 000001ea8000e830
0x000000bb73dff340:   000001ea91620f60 000000bb73dff398
0x000000bb73dff350:   0000000705e001d0 000001ea8000e56e
0x000000bb73dff360:   000001ea915b6da8 000000bb73dff3e0
0x000000bb73dff370:   0000000705e001a0 000000bb73dff390
0x000000bb73dff380:   000001ea8000e515 0000000000000003
0x000000bb73dff390:   0000000702f41060 000000bb73dff388
0x000000bb73dff3a0:   000001ea915b6da8 000000bb73dff418
0x000000bb73dff3b0:   000001ea9160f7d8 0000000000000000 

Instructions: (pc=0x0000000067752513)
0x0000000067752413:   5b 5e 5f 5d e9 a6 a6 ff ff 56 53 48 83 ec 28 48
0x0000000067752423:   8b 31 48 89 cb 48 89 ca 48 89 f1 e8 24 ff ff ff
0x0000000067752433:   48 8b 43 08 48 8b 53 10 48 85 c0 74 06 48 89 50
0x0000000067752443:   10 eb 04 48 89 56 08 48 8b 53 10 48 85 d2 74 04
0x0000000067752453:   48 89 42 08 48 89 da 48 89 f1 c7 43 24 c8 c3 06
0x0000000067752463:   56 48 c7 03 00 00 00 00 48 83 c4 28 5b 5e e9 f1
0x0000000067752473:   a5 ff ff 56 53 48 83 ec 38 83 fa 63 48 89 ce 75
0x0000000067752483:   4c 48 8b 19 48 8b 4b 18 e8 61 18 ff ff 48 8d 44
0x0000000067752493:   24 2c 48 89 f2 48 89 d9 c7 44 24 2c 00 00 00 00
0x00000000677524a3:   48 89 83 d8 02 00 00 e8 a8 fe ff ff 48 89 d9 48
0x00000000677524b3:   89 f2 e8 08 a6 ff ff 48 8b 4b 18 48 c7 83 d8 02
0x00000000677524c3:   00 00 00 00 00 00 e8 3f 18 ff ff eb 20 48 63 d2
0x00000000677524d3:   45 85 c0 48 8d 04 91 8b 90 d4 00 00 00 89 54 24
0x00000000677524e3:   2c 74 0a c7 80 d4 00 00 00 00 00 00 00 8b 44 24
0x00000000677524f3:   2c 48 83 c4 38 5b 5e c3 56 53 48 83 ec 28 48 8d
0x0000000067752503:   05 b8 41 0a 00 48 85 c9 48 89 ce 48 63 da 74 47
0x0000000067752513:   48 8b 01 48 8b 48 18 e8 d2 17 ff ff 48 8b 86 a0
0x0000000067752523:   00 00 00 48 85 c0 74 1b 0f b7 96 c0 00 00 00 39
0x0000000067752533:   da 7e 10 89 da 83 ea 00 78 09 48 6b db 38 48 01
0x0000000067752543:   d8 eb 14 48 8b 0e ba 19 00 00 00 e8 8c b4 ff ff
0x0000000067752553:   48 8d 05 66 41 0a 00 48 83 c4 28 5b 5e c3 53 48
0x0000000067752563:   83 ec 30 48 89 cb e8 8d ff ff ff 48 89 c1 e8 d4
0x0000000067752573:   bc ff ff 48 89 d9 48 89 44 24 28 e8 7a f7 ff ff
0x0000000067752583:   48 8b 44 24 28 48 83 c4 30 5b c3 53 48 83 ec 30
0x0000000067752593:   48 89 cb e8 60 ff ff ff 48 89 c1 e8 a7 bc ff ff
0x00000000677525a3:   48 89 d9 48 89 44 24 28 e8 4d f7 ff ff 48 8b 44
0x00000000677525b3:   24 28 48 83 c4 30 5b c3 53 48 83 ec 30 48 89 cb
0x00000000677525c3:   e8 33 ff ff ff 8b 50 08 f6 c6 08 74 0a 80 e6 f7
0x00000000677525d3:   80 ce 10 66 89 50 08 48 89 d9 48 89 44 24 28 e8
0x00000000677525e3:   16 f7 ff ff 48 8b 44 24 28 48 83 c4 30 5b c3 56
0x00000000677525f3:   53 48 83 ec 28 48 89 cb e8 fb fe ff ff 8b 40 08
0x0000000067752603:   48 8d 15 56 57 0a 00 48 89 d9 83 e0 3f 0f b6 34 


Stack slot to memory mapping:
stack at sp + 0 slots: 0x000000bb73dff418 is pointing into the stack for thread: 0x000001ea92455a40
stack at sp + 1 slots: {method} {0x000001ea915b6db0} 'column_int' '(JI)I' in 'org/sqlite/core/NativeDB'
stack at sp + 2 slots: 0x0 is NULL
stack at sp + 3 slots: 0x000001ea92455a40 is a thread
stack at sp + 4 slots: 0x000000bb73dff388 is pointing into the stack for thread: 0x000001ea92455a40
stack at sp + 5 slots: 0x000001ea9302f7d8 points into unknown readable memory: 0x000001ea9302f328 | 28 f3 02 93 ea 01 00 00
stack at sp + 6 slots: 0x0000000705e001a0 is pointing into object: [J 
{0x0000000705e00198} - klass: {type array long}
 - length: 32
stack at sp + 7 slots: 0x000000006775256e sqlite-3.34.0-b4abaa0b-9205-46d2-b626-38d4d427cd15-sqlitejdbc.dll


---------------  P R O C E S S  ---------------

Threads class SMR info:
_java_thread_list=0x000001ea990af500, length=25, elements={
0x000001eaedbc7f50, 0x000001eaff7ca100, 0x000001eaff7cafc0, 0x000001eaff7d5950,
0x000001eaff7d7560, 0x000001eaff7d9f70, 0x000001eaff7da970, 0x000001eaff7e6c60,
0x000001eaff7e7750, 0x000001eaff7f55a0, 0x000001eaff7ab5c0, 0x000001ea91de9fd0,
0x000001ea91f787b0, 0x000001ea91faca90, 0x000001ea92173cc0, 0x000001ea927c7bc0,
0x000001eaffd0d9c0, 0x000001eaffd0cf20, 0x000001eaffd0e460, 0x000001eaffd0d470,
0x000001ea924574d0, 0x000001ea92457a20, 0x000001ea92457f70, 0x000001ea92455a40,
0x000001ea924584c0
}

Java Threads: ( => current thread )
  0x000001eaedbc7f50 JavaThread "main" [_thread_blocked, id=5620, stack(0x000000bb70d00000,0x000000bb70e00000)]
  0x000001eaff7ca100 JavaThread "Reference Handler" daemon [_thread_blocked, id=3576, stack(0x000000bb71400000,0x000000bb71500000)]
  0x000001eaff7cafc0 JavaThread "Finalizer" daemon [_thread_blocked, id=14572, stack(0x000000bb71500000,0x000000bb71600000)]
  0x000001eaff7d5950 JavaThread "Signal Dispatcher" daemon [_thread_blocked, id=7236, stack(0x000000bb71600000,0x000000bb71700000)]
  0x000001eaff7d7560 JavaThread "Attach Listener" daemon [_thread_blocked, id=14172, stack(0x000000bb71700000,0x000000bb71800000)]
  0x000001eaff7d9f70 JavaThread "Service Thread" daemon [_thread_blocked, id=1260, stack(0x000000bb71800000,0x000000bb71900000)]
  0x000001eaff7da970 JavaThread "Monitor Deflation Thread" daemon [_thread_blocked, id=3160, stack(0x000000bb71900000,0x000000bb71a00000)]
  0x000001eaff7e6c60 JavaThread "C2 CompilerThread0" daemon [_thread_blocked, id=8156, stack(0x000000bb71a00000,0x000000bb71b00000)]
  0x000001eaff7e7750 JavaThread "C1 CompilerThread0" daemon [_thread_blocked, id=12736, stack(0x000000bb71b00000,0x000000bb71c00000)]
  0x000001eaff7f55a0 JavaThread "Sweeper thread" daemon [_thread_blocked, id=5944, stack(0x000000bb71c00000,0x000000bb71d00000)]
  0x000001eaff7ab5c0 JavaThread "Common-Cleaner" daemon [_thread_blocked, id=5604, stack(0x000000bb71d00000,0x000000bb71e00000)]
  0x000001ea91de9fd0 JavaThread "Monitor Ctrl-Break" daemon [_thread_in_native, id=15092, stack(0x000000bb72000000,0x000000bb72100000)]
  0x000001ea91f787b0 JavaThread "Notification Thread" daemon [_thread_blocked, id=14672, stack(0x000000bb72100000,0x000000bb72200000)]
  0x000001ea91faca90 JavaThread "QuantumRenderer-0" daemon [_thread_blocked, id=7688, stack(0x000000bb72300000,0x000000bb72400000)]
  0x000001ea92173cc0 JavaThread "InvokeLaterDispatcher" daemon [_thread_blocked, id=8304, stack(0x000000bb72400000,0x000000bb72500000)]
  0x000001ea927c7bc0 JavaThread "JavaFX Application Thread" [_thread_blocked, id=11156, stack(0x000000bb72500000,0x000000bb72600000)]
  0x000001eaffd0d9c0 JavaThread "Thread-1" daemon [_thread_blocked, id=12940, stack(0x000000bb72900000,0x000000bb72a00000)]
  0x000001eaffd0cf20 JavaThread "JavaFX-Launcher" [_thread_blocked, id=9908, stack(0x000000bb72a00000,0x000000bb72b00000)]
  0x000001eaffd0e460 JavaThread "Prism Font Disposer" daemon [_thread_blocked, id=6844, stack(0x000000bb73400000,0x000000bb73500000)]
  0x000001eaffd0d470 JavaThread "Cleaner-0" daemon [_thread_blocked, id=14032, stack(0x000000bb73600000,0x000000bb73700000)]
  0x000001ea924574d0 JavaThread "Thread-6" [_thread_blocked, id=10284, stack(0x000000bb71e00000,0x000000bb71f00000)]
  0x000001ea92457a20 JavaThread "Timer-1" [_thread_blocked, id=14604, stack(0x000000bb73500000,0x000000bb73600000)]
  0x000001ea92457f70 JavaThread "Keep-Alive-Timer" daemon [_thread_blocked, id=13416, stack(0x000000bb73700000,0x000000bb73800000)]
=>0x000001ea92455a40 JavaThread "Thread-9" [_thread_in_native, id=4660, stack(0x000000bb73d00000,0x000000bb73e00000)]
  0x000001ea924584c0 JavaThread "Thread-10" [_thread_blocked, id=11288, stack(0x000000bb73e00000,0x000000bb73f00000)]

Other Threads:
  0x000001eaff7c30a0 VMThread "VM Thread" [stack: 0x000000bb71300000,0x000000bb71400000] [id=13812]
  0x000001ea91f78cd0 WatcherThread [stack: 0x000000bb72200000,0x000000bb72300000] [id=872]
  0x000001eaedc18a30 GCTaskThread "GC Thread#0" [stack: 0x000000bb70e00000,0x000000bb70f00000] [id=2192]
  0x000001ea921739a0 GCTaskThread "GC Thread#1" [stack: 0x000000bb72b00000,0x000000bb72c00000] [id=6272]
  0x000001ea92bad9f0 GCTaskThread "GC Thread#2" [stack: 0x000000bb72c00000,0x000000bb72d00000] [id=4372]
  0x000001ea91f018b0 GCTaskThread "GC Thread#3" [stack: 0x000000bb72d00000,0x000000bb72e00000] [id=3920]
  0x000001ea91d45030 GCTaskThread "GC Thread#4" [stack: 0x000000bb72e00000,0x000000bb72f00000] [id=3408]
  0x000001ea92a7cf10 GCTaskThread "GC Thread#5" [stack: 0x000000bb72f00000,0x000000bb73000000] [id=14520]
  0x000001ea92bd47c0 GCTaskThread "GC Thread#6" [stack: 0x000000bb73000000,0x000000bb73100000] [id=11012]
  0x000001ea91c97950 GCTaskThread "GC Thread#7" [stack: 0x000000bb73100000,0x000000bb73200000] [id=12432]
  0x000001eaedc298b0 ConcurrentGCThread "G1 Main Marker" [stack: 0x000000bb70f00000,0x000000bb71000000] [id=7092]
  0x000001eaedc2aac0 ConcurrentGCThread "G1 Conc#0" [stack: 0x000000bb71000000,0x000000bb71100000] [id=11996]
  0x000001eaff67a100 ConcurrentGCThread "G1 Refine#0" [stack: 0x000000bb71100000,0x000000bb71200000] [id=13024]
  0x000001eaff67ab80 ConcurrentGCThread "G1 Service" [stack: 0x000000bb71200000,0x000000bb71300000] [id=14840]

Threads with active compile tasks:
C2 CompilerThread0    21852 5775       4       javafx.scene.Node::layoutBoundsChanged (47 bytes)

VM state: at safepoint (normal execution)

VM Mutex/Monitor currently owned by a thread:  ([mutex/lock_event])
[0x000001eaedbc2940] Threads_lock - owner thread: 0x000001eaff7c30a0
[0x000001eaedbc24c0] Heap_lock - owner thread: 0x000001ea924584c0

Heap address: 0x0000000701c00000, size: 4068 MB, Compressed Oops mode: Zero based, Oop shift amount: 3

CDS archive(s) mapped at: [0x0000000800000000-0x0000000800bb0000-0x0000000800bb0000), size 12255232, SharedBaseAddress: 0x0000000800000000, ArchiveRelocationMode: 0.
Compressed class space mapped at: 0x0000000800c00000-0x0000000840c00000, reserved size: 1073741824
Narrow klass base: 0x0000000800000000, Narrow klass shift: 3, Narrow klass range: 0x100000000

GC Precious Log:
 CPUs: 8 total, 8 available
 Memory: 16265M
 Large Page Support: Disabled
 NUMA Support: Disabled
 Compressed Oops: Enabled (Zero based)
 Heap Region Size: 2M
 Heap Min Capacity: 8M
 Heap Initial Capacity: 256M
 Heap Max Capacity: 4068M
 Pre-touch: Disabled
 Parallel Workers: 8
 Concurrent Workers: 2
 Concurrent Refinement Workers: 8
 Periodic GC: Disabled

Heap:
 garbage-first heap   total 69632K, used 20882K [0x0000000701c00000, 0x0000000800000000)
  region size 2048K, 1 young (2048K), 0 survivors (0K)
 Metaspace       used 28407K, committed 28736K, reserved 1081344K
  class space    used 3786K, committed 3968K, reserved 1048576K

Heap Regions: E=young(eden), S=young(survivor), O=old, HS=humongous(starts), HC=humongous(continues), CS=collection set, F=free, OA=open archive, CA=closed archive, TAMS=top-at-mark-start (previous, next)
|   0|0x0000000701c00000, 0x0000000701e00000, 0x0000000701e00000|100%| O|  |TAMS 0x0000000701c00000, 0x0000000701c00000| Untracked 
|   1|0x0000000701e00000, 0x0000000701fffff8, 0x0000000702000000| 99%| O|  |TAMS 0x0000000701e00000, 0x0000000701e00000| Untracked 
|   2|0x0000000702000000, 0x00000007021d1400, 0x0000000702200000| 90%| O|  |TAMS 0x0000000702000000, 0x0000000702000000| Untracked 
|   3|0x0000000702200000, 0x00000007023ffff8, 0x0000000702400000| 99%| O|  |TAMS 0x0000000702200000, 0x0000000702200000| Untracked 
|   4|0x0000000702400000, 0x00000007025ffff0, 0x0000000702600000| 99%| O|  |TAMS 0x0000000702400000, 0x0000000702400000| Untracked 
|   5|0x0000000702600000, 0x0000000702800000, 0x0000000702800000|100%| O|  |TAMS 0x0000000702600000, 0x0000000702600000| Untracked 
|   6|0x0000000702800000, 0x00000007029ffff8, 0x0000000702a00000| 99%| O|  |TAMS 0x0000000702800000, 0x0000000702800000| Untracked 
|   7|0x0000000702a00000, 0x0000000702c00000, 0x0000000702c00000|100%|HS|  |TAMS 0x0000000702c00000, 0x0000000702a00000| Untracked 
|   8|0x0000000702c00000, 0x0000000702dffff0, 0x0000000702e00000| 99%| O|  |TAMS 0x0000000702c00000, 0x0000000702c00000| Untracked 
|   9|0x0000000702e00000, 0x0000000702f42568, 0x0000000703000000| 62%| O|  |TAMS 0x0000000702e00000, 0x0000000702e00000| Untracked 
|  10|0x0000000703000000, 0x00000007030f2ab8, 0x0000000703200000| 47%| O|  |TAMS 0x0000000703000000, 0x0000000703000000| Untracked 
|  11|0x0000000703200000, 0x0000000703200000, 0x0000000703400000|  0%| F|  |TAMS 0x0000000703200000, 0x0000000703200000| Untracked 
|  12|0x0000000703400000, 0x0000000703400000, 0x0000000703600000|  0%| F|  |TAMS 0x0000000703400000, 0x0000000703400000| Untracked 
|  13|0x0000000703600000, 0x0000000703600000, 0x0000000703800000|  0%| F|  |TAMS 0x0000000703600000, 0x0000000703600000| Untracked 
|  14|0x0000000703800000, 0x0000000703800000, 0x0000000703a00000|  0%| F|  |TAMS 0x0000000703800000, 0x0000000703800000| Untracked 
|  15|0x0000000703a00000, 0x0000000703a00000, 0x0000000703c00000|  0%| F|  |TAMS 0x0000000703a00000, 0x0000000703a00000| Untracked 
|  16|0x0000000703c00000, 0x0000000703c00000, 0x0000000703e00000|  0%| F|  |TAMS 0x0000000703c00000, 0x0000000703c00000| Untracked 
|  17|0x0000000703e00000, 0x0000000703e00000, 0x0000000704000000|  0%| F|  |TAMS 0x0000000703e00000, 0x0000000703e00000| Untracked 
|  18|0x0000000704000000, 0x0000000704000000, 0x0000000704200000|  0%| F|  |TAMS 0x0000000704000000, 0x0000000704000000| Untracked 
|  19|0x0000000704200000, 0x0000000704200000, 0x0000000704400000|  0%| F|  |TAMS 0x0000000704200000, 0x0000000704200000| Untracked 
|  20|0x0000000704400000, 0x0000000704400000, 0x0000000704600000|  0%| F|  |TAMS 0x0000000704400000, 0x0000000704400000| Untracked 
|  21|0x0000000704600000, 0x0000000704600000, 0x0000000704800000|  0%| F|  |TAMS 0x0000000704600000, 0x0000000704600000| Untracked 
|  22|0x0000000704800000, 0x0000000704800000, 0x0000000704a00000|  0%| F|  |TAMS 0x0000000704800000, 0x0000000704800000| Untracked 
|  23|0x0000000704a00000, 0x0000000704a00000, 0x0000000704c00000|  0%| F|  |TAMS 0x0000000704a00000, 0x0000000704a00000| Untracked 
|  24|0x0000000704c00000, 0x0000000704c00000, 0x0000000704e00000|  0%| F|  |TAMS 0x0000000704c00000, 0x0000000704c00000| Untracked 
|  25|0x0000000704e00000, 0x0000000704e00000, 0x0000000705000000|  0%| F|  |TAMS 0x0000000704e00000, 0x0000000704e00000| Untracked 
|  26|0x0000000705000000, 0x0000000705000000, 0x0000000705200000|  0%| F|  |TAMS 0x0000000705000000, 0x0000000705000000| Untracked 
|  27|0x0000000705200000, 0x0000000705200000, 0x0000000705400000|  0%| F|  |TAMS 0x0000000705200000, 0x0000000705200000| Untracked 
|  28|0x0000000705400000, 0x0000000705400000, 0x0000000705600000|  0%| F|  |TAMS 0x0000000705400000, 0x0000000705400000| Untracked 
|  29|0x0000000705600000, 0x0000000705600000, 0x0000000705800000|  0%| F|  |TAMS 0x0000000705600000, 0x0000000705600000| Untracked 
|  30|0x0000000705800000, 0x0000000705800000, 0x0000000705a00000|  0%| F|  |TAMS 0x0000000705800000, 0x0000000705800000| Untracked 
|  31|0x0000000705a00000, 0x0000000705a00000, 0x0000000705c00000|  0%| F|  |TAMS 0x0000000705a00000, 0x0000000705a00000| Untracked 
|  32|0x0000000705c00000, 0x0000000705c00000, 0x0000000705e00000|  0%| F|  |TAMS 0x0000000705c00000, 0x0000000705c00000| Untracked 
|  33|0x0000000705e00000, 0x0000000705e5e648, 0x0000000706000000| 18%| E|  |TAMS 0x0000000705e00000, 0x0000000705e00000| Untracked 

Card table byte_map: [0x000001eaf5e70000,0x000001eaf6670000] _byte_map_base: 0x000001eaf2662000

Marking Bits (Prev, Next): (CMBitMap*) 0x000001eaedc190e0, (CMBitMap*) 0x000001eaedc190a0
 Prev Bits: [0x000001eafae00000, 0x000001eafed90000)
 Next Bits: [0x000001eaf6e70000, 0x000001eafae00000)

Polling page: 0x000001eaebac0000

Metaspace:

Usage:
  Non-class:     24.04 MB used.
      Class:      3.70 MB used.
       Both:     27.74 MB used.

Virtual space:
  Non-class space:       32.00 MB reserved,      24.19 MB ( 76%) committed,  4 nodes.
      Class space:        1.00 GB reserved,       3.88 MB ( <1%) committed,  1 nodes.
              Both:        1.03 GB reserved,      28.06 MB (  3%) committed. 

Chunk freelists:
   Non-Class:  2.88 MB
       Class:  76.00 KB
        Both:  2.96 MB

MaxMetaspaceSize: 17179869184.00 GB
CompressedClassSpaceSize: 1.00 GB
 - commit_granule_bytes: 65536.
 - commit_granule_words: 8192.
 - virtual_space_node_default_size: 1048576.
 - enlarge_chunks_in_place: 1.
 - new_chunks_are_fully_committed: 0.
 - uncommit_free_chunks: 1.
 - use_allocation_guard: 0.
 - handle_deallocations: 1.


Internal statistics:

num_allocs_failed_limit: 0.
num_arena_births: 380.
num_arena_deaths: 0.
num_vsnodes_births: 5.
num_vsnodes_deaths: 0.
num_space_committed: 449.
num_space_uncommitted: 0.
num_chunks_returned_to_freelist: 0.
num_chunks_taken_from_freelist: 1243.
num_chunk_merges: 0.
num_chunk_splits: 810.
num_chunks_enlarged: 572.
num_purges: 0.

CodeHeap 'non-profiled nmethods': size=120000Kb used=3269Kb max_used=3269Kb free=116731Kb
 bounds [0x000001ea87ad0000, 0x000001ea87e10000, 0x000001ea8f000000]
CodeHeap 'profiled nmethods': size=120000Kb used=12369Kb max_used=12369Kb free=107631Kb
 bounds [0x000001ea805a0000, 0x000001ea811c0000, 0x000001ea87ad0000]
CodeHeap 'non-nmethods': size=5760Kb used=1542Kb max_used=1647Kb free=4217Kb
 bounds [0x000001ea80000000, 0x000001ea80270000, 0x000001ea805a0000]
 total_blobs=6690 nmethods=5769 adapters=833
 compilation: enabled
              stopped_count=0, restarted_count=0
 full_count=0

Compilation events (20 events):
Event: 21.587 Thread 0x000001eaff7e6c60 5766       4       java.util.concurrent.locks.AbstractQueuedSynchronizer$Node::setPrevRelaxed (12 bytes)
Event: 21.588 Thread 0x000001eaff7e6c60 nmethod 5766 0x000001ea87dfb090 code [0x000001ea87dfb200, 0x000001ea87dfb378]
Event: 21.603 Thread 0x000001eaff7e6c60 5767       4       com.sun.javafx.font.CompositeStrike::getQuantizedPosition (12 bytes)
Event: 21.608 Thread 0x000001eaff7e6c60 nmethod 5767 0x000001ea87dfb410 code [0x000001ea87dfb620, 0x000001ea87dfbd78]
Event: 21.608 Thread 0x000001eaff7e6c60 5768       4       com.sun.javafx.font.directwrite.DWFontStrike::getQuantizedPosition (151 bytes)
Event: 21.610 Thread 0x000001eaff7e6c60 nmethod 5768 0x000001ea87dfc190 code [0x000001ea87dfc360, 0x000001ea87dfc678]
Event: 21.610 Thread 0x000001eaff7e6c60 5769   !   4       com.sun.prism.impl.GlyphCache::getCachedGlyph (491 bytes)
Event: 21.613 Thread 0x000001eaff7e7750 5770   !   3       sun.security.ssl.SSLSocketImpl$AppInputStream::read (645 bytes)
Event: 21.615 Thread 0x000001eaff7e7750 nmethod 5770 0x000001ea811abd10 code [0x000001ea811ac460, 0x000001ea811b0ac8]
Event: 21.620 Thread 0x000001eaff7e7750 5771       3       com.sun.prism.d3d.D3DSwapChain::lockResources (69 bytes)
Event: 21.620 Thread 0x000001eaff7e7750 nmethod 5771 0x000001ea811b2410 code [0x000001ea811b2600, 0x000001ea811b2da8]
Event: 21.627 Thread 0x000001eaff7e6c60 nmethod 5769 0x000001ea87dfc810 code [0x000001ea87dfcae0, 0x000001ea87dfddf8]
Event: 21.636 Thread 0x000001eaff7e7750 5772       3       com.sun.javafx.sg.prism.NGText::computePadding (51 bytes)
Event: 21.637 Thread 0x000001eaff7e6c60 5773       4       com.sun.javafx.geom.Path2D$Iterator::next (35 bytes)
Event: 21.637 Thread 0x000001eaff7e7750 nmethod 5772 0x000001ea811b2f90 code [0x000001ea811b31c0, 0x000001ea811b3908]
Event: 21.637 Thread 0x000001eaff7e6c60 nmethod 5773 0x000001ea87dff310 code [0x000001ea87dff4a0, 0x000001ea87dff5b8]
Event: 21.637 Thread 0x000001eaff7e6c60 5774       4       com.sun.prism.impl.GlyphCache::addDataToQuad (305 bytes)
Event: 21.646 Thread 0x000001eaff7e6c60 nmethod 5774 0x000001ea87dff710 code [0x000001ea87dff900, 0x000001ea87e00368]
Event: 21.675 Thread 0x000001eaff7e6c60 5775       4       javafx.scene.Node::layoutBoundsChanged (47 bytes)
Event: 21.802 Thread 0x000001eaff7e7750 5779       3       com.sun.javafx.geom.Path2D::needRoom (94 bytes)

GC Heap History (20 events):
Event: 1.421 GC heap after
{Heap after GC invocations=6 (full 2):
 garbage-first heap   total 28672K, used 9518K [0x0000000701c00000, 0x0000000800000000)
  region size 2048K, 1 young (2048K), 1 survivors (2048K)
 Metaspace       used 15192K, committed 15424K, reserved 1064960K
  class space    used 2150K, committed 2240K, reserved 1048576K
}
Event: 1.591 GC heap before
{Heap before GC invocations=6 (full 2):
 garbage-first heap   total 28672K, used 15662K [0x0000000701c00000, 0x0000000800000000)
  region size 2048K, 4 young (8192K), 1 survivors (2048K)
 Metaspace       used 15407K, committed 15616K, reserved 1064960K
  class space    used 2151K, committed 2240K, reserved 1048576K
}
Event: 1.595 GC heap after
{Heap after GC invocations=7 (full 2):
 garbage-first heap   total 28672K, used 11849K [0x0000000701c00000, 0x0000000800000000)
  region size 2048K, 1 young (2048K), 1 survivors (2048K)
 Metaspace       used 15407K, committed 15616K, reserved 1064960K
  class space    used 2151K, committed 2240K, reserved 1048576K
}
Event: 1.725 GC heap before
{Heap before GC invocations=7 (full 2):
 garbage-first heap   total 28672K, used 15945K [0x0000000701c00000, 0x0000000800000000)
  region size 2048K, 3 young (6144K), 1 survivors (2048K)
 Metaspace       used 16285K, committed 16576K, reserved 1064960K
  class space    used 2240K, committed 2432K, reserved 1048576K
}
Event: 1.728 GC heap after
{Heap after GC invocations=8 (full 2):
 garbage-first heap   total 145408K, used 13294K [0x0000000701c00000, 0x0000000800000000)
  region size 2048K, 1 young (2048K), 1 survivors (2048K)
 Metaspace       used 16285K, committed 16576K, reserved 1064960K
  class space    used 2240K, committed 2432K, reserved 1048576K
}
Event: 14.216 GC heap before
{Heap before GC invocations=8 (full 2):
 garbage-first heap   total 145408K, used 27630K [0x0000000701c00000, 0x0000000800000000)
  region size 2048K, 8 young (16384K), 1 survivors (2048K)
 Metaspace       used 18967K, committed 19264K, reserved 1073152K
  class space    used 2572K, committed 2688K, reserved 1048576K
}
Event: 14.235 GC heap after
{Heap after GC invocations=9 (full 3):
 garbage-first heap   total 69632K, used 16104K [0x0000000701c00000, 0x0000000800000000)
  region size 2048K, 0 young (0K), 0 survivors (0K)
 Metaspace       used 18967K, committed 19264K, reserved 1073152K
  class space    used 2572K, committed 2688K, reserved 1048576K
}
Event: 14.479 GC heap before
{Heap before GC invocations=9 (full 3):
 garbage-first heap   total 69632K, used 36584K [0x0000000701c00000, 0x0000000800000000)
  region size 2048K, 10 young (20480K), 0 survivors (0K)
 Metaspace       used 25283K, committed 25664K, reserved 1073152K
  class space    used 3494K, committed 3648K, reserved 1048576K
}
Event: 14.482 GC heap after
{Heap after GC invocations=10 (full 3):
 garbage-first heap   total 69632K, used 19662K [0x0000000701c00000, 0x0000000800000000)
  region size 2048K, 2 young (4096K), 2 survivors (4096K)
 Metaspace       used 25283K, committed 25664K, reserved 1073152K
  class space    used 3494K, committed 3648K, reserved 1048576K
}
Event: 17.183 GC heap before
{Heap before GC invocations=10 (full 3):
 garbage-first heap   total 69632K, used 25806K [0x0000000701c00000, 0x0000000800000000)
  region size 2048K, 6 young (12288K), 2 survivors (4096K)
 Metaspace       used 27420K, committed 27776K, reserved 1073152K
  class space    used 3731K, committed 3904K, reserved 1048576K
}
Event: 17.214 GC heap after
{Heap after GC invocations=11 (full 4):
 garbage-first heap   total 69632K, used 20350K [0x0000000701c00000, 0x0000000800000000)
  region size 2048K, 0 young (0K), 0 survivors (0K)
 Metaspace       used 27420K, committed 27776K, reserved 1073152K
  class space    used 3731K, committed 3904K, reserved 1048576K
}
Event: 21.675 GC heap before
{Heap before GC invocations=11 (full 4):
 garbage-first heap   total 69632K, used 34686K [0x0000000701c00000, 0x0000000800000000)
  region size 2048K, 8 young (16384K), 0 survivors (0K)
 Metaspace       used 28382K, committed 28736K, reserved 1081344K
  class space    used 3782K, committed 3968K, reserved 1048576K
}
Event: 21.707 GC heap after
{Heap after GC invocations=12 (full 5):
 garbage-first heap   total 69632K, used 20496K [0x0000000701c00000, 0x0000000800000000)
  region size 2048K, 0 young (0K), 0 survivors (0K)
 Metaspace       used 28382K, committed 28736K, reserved 1081344K
  class space    used 3782K, committed 3968K, reserved 1048576K
}
Event: 21.709 GC heap before
{Heap before GC invocations=12 (full 5):
 garbage-first heap   total 69632K, used 20496K [0x0000000701c00000, 0x0000000800000000)
  region size 2048K, 1 young (2048K), 0 survivors (0K)
 Metaspace       used 28398K, committed 28736K, reserved 1081344K
  class space    used 3784K, committed 3968K, reserved 1048576K
}
Event: 21.740 GC heap after
{Heap after GC invocations=13 (full 6):
 garbage-first heap   total 69632K, used 20503K [0x0000000701c00000, 0x0000000800000000)
  region size 2048K, 0 young (0K), 0 survivors (0K)
 Metaspace       used 28398K, committed 28736K, reserved 1081344K
  class space    used 3784K, committed 3968K, reserved 1048576K
}
Event: 21.741 GC heap before
{Heap before GC invocations=13 (full 6):
 garbage-first heap   total 69632K, used 20503K [0x0000000701c00000, 0x0000000800000000)
  region size 2048K, 1 young (2048K), 0 survivors (0K)
 Metaspace       used 28401K, committed 28736K, reserved 1081344K
  class space    used 3785K, committed 3968K, reserved 1048576K
}
Event: 21.771 GC heap after
{Heap after GC invocations=14 (full 7):
 garbage-first heap   total 69632K, used 20506K [0x0000000701c00000, 0x0000000800000000)
  region size 2048K, 0 young (0K), 0 survivors (0K)
 Metaspace       used 28401K, committed 28736K, reserved 1081344K
  class space    used 3785K, committed 3968K, reserved 1048576K
}
Event: 21.771 GC heap before
{Heap before GC invocations=14 (full 7):
 garbage-first heap   total 69632K, used 20506K [0x0000000701c00000, 0x0000000800000000)
  region size 2048K, 1 young (2048K), 0 survivors (0K)
 Metaspace       used 28401K, committed 28736K, reserved 1081344K
  class space    used 3785K, committed 3968K, reserved 1048576K
}
Event: 21.801 GC heap after
{Heap after GC invocations=15 (full 8):
 garbage-first heap   total 69632K, used 20514K [0x0000000701c00000, 0x0000000800000000)
  region size 2048K, 0 young (0K), 0 survivors (0K)
 Metaspace       used 28401K, committed 28736K, reserved 1081344K
  class space    used 3785K, committed 3968K, reserved 1048576K
}
Event: 21.802 GC heap before
{Heap before GC invocations=15 (full 8):
 garbage-first heap   total 69632K, used 20514K [0x0000000701c00000, 0x0000000800000000)
  region size 2048K, 1 young (2048K), 0 survivors (0K)
 Metaspace       used 28403K, committed 28736K, reserved 1081344K
  class space    used 3785K, committed 3968K, reserved 1048576K
}

Deoptimization events (20 events):
Event: 21.675 Thread 0x000001ea924574d0 DEOPT PACKING pc=0x000001ea87c85b90 sp=0x000000bb71efefd0
Event: 21.675 Thread 0x000001ea924574d0 DEOPT UNPACKING pc=0x000001ea8004d72e sp=0x000000bb71efef58 mode 2
Event: 21.708 Thread 0x000001ea927c7bc0 Uncommon trap: trap_request=0xffffffde fr.pc=0x000001ea87df0f74 relative=0x0000000000003754
Event: 21.708 Thread 0x000001ea927c7bc0 Uncommon trap: reason=class_check action=maybe_recompile pc=0x000001ea87df0f74 method=java.util.Formatter$FormatSpecifier.printString(Ljava/lang/Object;Ljava/util/Locale;)V @ 99 c2
Event: 21.708 Thread 0x000001ea927c7bc0 DEOPT PACKING pc=0x000001ea87df0f74 sp=0x000000bb725fe320
Event: 21.708 Thread 0x000001ea927c7bc0 DEOPT UNPACKING pc=0x000001ea8004d72e sp=0x000000bb725fe268 mode 2
Event: 21.708 Thread 0x000001ea927c7bc0 Uncommon trap: trap_request=0xffffffde fr.pc=0x000001ea87dce934 relative=0x0000000000000394
Event: 21.708 Thread 0x000001ea927c7bc0 Uncommon trap: reason=class_check action=maybe_recompile pc=0x000001ea87dce934 method=java.util.Formatter$FormatSpecifier.printString(Ljava/lang/Object;Ljava/util/Locale;)V @ 99 c2
Event: 21.708 Thread 0x000001ea927c7bc0 DEOPT PACKING pc=0x000001ea87dce934 sp=0x000000bb725fe330
Event: 21.708 Thread 0x000001ea927c7bc0 DEOPT UNPACKING pc=0x000001ea8004d72e sp=0x000000bb725fe260 mode 2
Event: 21.708 Thread 0x000001ea927c7bc0 Uncommon trap: trap_request=0xffffffde fr.pc=0x000001ea87dce934 relative=0x0000000000000394
Event: 21.708 Thread 0x000001ea927c7bc0 Uncommon trap: reason=class_check action=maybe_recompile pc=0x000001ea87dce934 method=java.util.Formatter$FormatSpecifier.printString(Ljava/lang/Object;Ljava/util/Locale;)V @ 99 c2
Event: 21.708 Thread 0x000001ea927c7bc0 DEOPT PACKING pc=0x000001ea87dce934 sp=0x000000bb725fe330
Event: 21.708 Thread 0x000001ea927c7bc0 DEOPT UNPACKING pc=0x000001ea8004d72e sp=0x000000bb725fe260 mode 2
Event: 21.708 Thread 0x000001ea927c7bc0 Uncommon trap: trap_request=0xffffffde fr.pc=0x000001ea87dce934 relative=0x0000000000000394
Event: 21.708 Thread 0x000001ea927c7bc0 Uncommon trap: reason=class_check action=maybe_recompile pc=0x000001ea87dce934 method=java.util.Formatter$FormatSpecifier.printString(Ljava/lang/Object;Ljava/util/Locale;)V @ 99 c2
Event: 21.708 Thread 0x000001ea927c7bc0 DEOPT PACKING pc=0x000001ea87dce934 sp=0x000000bb725fe330
Event: 21.708 Thread 0x000001ea927c7bc0 DEOPT UNPACKING pc=0x000001ea8004d72e sp=0x000000bb725fe260 mode 2
Event: 21.802 Thread 0x000001ea91faca90 DEOPT PACKING pc=0x000001ea81182652 sp=0x000000bb723fe230
Event: 21.802 Thread 0x000001ea91faca90 DEOPT UNPACKING pc=0x000001ea8004dece sp=0x000000bb723fd648 mode 0

Classes unloaded (0 events):
No events

Classes redefined (0 events):
No events

Internal exceptions (20 events):
Event: 13.424 Thread 0x000001ea927c7bc0 Exception <a 'java/lang/NoSuchMethodError'{0x000000070a3aa938}: 'java.lang.Object java.lang.invoke.Invokers$Holder.linkToTargetMethod(java.lang.Object, java.lang.Object, int, int, int, int, int, java.lang.Object)'> (0x000000070a3aa938) 
thrown [t:\workspace\open\src\hotspot\share\interpreter\linkResolver.cpp, line 790]
Event: 14.206 Thread 0x000001ea927c7bc0 Implicit null exception at 0x000001ea87bc0071 to 0x000001ea87bc00c4
Event: 14.241 Thread 0x000001ea927c7bc0 Implicit null exception at 0x000001ea87c4a066 to 0x000001ea87c4ff09
Event: 14.261 Thread 0x000001ea927c7bc0 Exception <a 'java/lang/NoSuchMethodError'{0x0000000705fb5fb8}: 'void java.lang.invoke.DirectMethodHandle$Holder.invokeSpecialIFC(java.lang.Object, java.lang.Object, java.lang.Object, java.lang.Object)'> (0x0000000705fb5fb8) 
thrown [t:\workspace\open\src\hotspot\share\interpreter\linkResolver.cpp, line 790]
Event: 14.262 Thread 0x000001ea924584c0 Exception <a 'sun/nio/fs/WindowsException'{0x0000000705c23020}> (0x0000000705c23020) 
thrown [t:\workspace\open\src\hotspot\share\prims\jni.cpp, line 579]
Event: 14.274 Thread 0x000001ea924584c0 Exception <a 'java/lang/NoSuchMethodError'{0x0000000705ca0548}: 'int java.lang.invoke.DirectMethodHandle$Holder.invokeStaticInit(java.lang.Object, java.lang.Object, java.lang.Object, java.lang.Object)'> (0x0000000705ca0548) 
thrown [t:\workspace\open\src\hotspot\share\interpreter\linkResolver.cpp, line 790]
Event: 14.275 Thread 0x000001ea924584c0 Exception <a 'java/lang/NoSuchMethodError'{0x0000000705caa150}: 'java.lang.Object java.lang.invoke.DirectMethodHandle$Holder.invokeInterface(java.lang.Object, java.lang.Object)'> (0x0000000705caa150) 
thrown [t:\workspace\open\src\hotspot\share\interpreter\linkResolver.cpp, line 790]
Event: 14.275 Thread 0x000001ea924584c0 Exception <a 'java/lang/IncompatibleClassChangeError'{0x0000000705cadb48}: Found class java.lang.Object, but interface was expected> (0x0000000705cadb48) 
thrown [t:\workspace\open\src\hotspot\share\interpreter\linkResolver.cpp, line 857]
Event: 14.283 Thread 0x000001ea927c7bc0 Exception <a 'java/lang/NoSuchMethodError'{0x0000000705d12b10}: 'void java.lang.invoke.DirectMethodHandle$Holder.invokeSpecial(java.lang.Object, java.lang.Object, java.lang.Object, java.lang.Object, java.lang.Object, java.lang.Object)'> (0x0000000705d12b10) 
thrown [t:\workspace\open\src\hotspot\share\interpreter\linkResolver.cpp, line 790]
Event: 14.305 Thread 0x000001ea927c7bc0 Exception <a 'java/lang/NoSuchMethodError'{0x0000000705b51c90}: 'int java.lang.invoke.DirectMethodHandle$Holder.invokeSpecial(java.lang.Object, java.lang.Object, int)'> (0x0000000705b51c90) 
thrown [t:\workspace\open\src\hotspot\share\interpreter\linkResolver.cpp, line 790]
Event: 14.416 Thread 0x000001ea927c7bc0 Implicit null exception at 0x000001ea87c8c289 to 0x000001ea87c8cc0c
Event: 14.440 Thread 0x000001ea927c7bc0 Exception <a 'java/lang/NoSuchMethodError'{0x0000000704f8ff78}: 'java.lang.Object java.lang.invoke.DirectMethodHandle$Holder.newInvokeSpecial(java.lang.Object, java.lang.Object, int, int)'> (0x0000000704f8ff78) 
thrown [t:\workspace\open\src\hotspot\share\interpreter\linkResolver.cpp, line 790]
Event: 14.493 Thread 0x000001ea927c7bc0 Implicit null exception at 0x000001ea87c22411 to 0x000001ea87c2369c
Event: 14.905 Thread 0x000001ea927c7bc0 Implicit null exception at 0x000001ea87cdadd4 to 0x000001ea87ce0430
Event: 17.173 Thread 0x000001ea927c7bc0 Implicit null exception at 0x000001ea87c38e0d to 0x000001ea87c3924c
Event: 17.475 Thread 0x000001ea924574d0 Exception <a 'java/lang/NoSuchMethodError'{0x0000000705d1bd18}: 'java.lang.Object java.lang.invoke.DirectMethodHandle$Holder.newInvokeSpecial(java.lang.Object, java.lang.Object, java.lang.Object, int)'> (0x0000000705d1bd18) 
thrown [t:\workspace\open\src\hotspot\share\interpreter\linkResolver.cpp, line 790]
Event: 17.475 Thread 0x000001ea924574d0 Exception <a 'java/lang/NoSuchMethodError'{0x0000000705d1ff68}: 'java.lang.Object java.lang.invoke.DirectMethodHandle$Holder.invokeSpecial(java.lang.Object, java.lang.Object, java.lang.Object, java.lang.Object, int)'> (0x0000000705d1ff68) 
thrown [t:\workspace\open\src\hotspot\share\interpreter\linkResolver.cpp, line 790]
Event: 17.476 Thread 0x000001ea924574d0 Exception <a 'java/lang/NoSuchMethodError'{0x0000000705d23a80}: 'java.lang.Object java.lang.invoke.Invokers$Holder.linkToTargetMethod(java.lang.Object, java.lang.Object, int, java.lang.Object)'> (0x0000000705d23a80) 
thrown [t:\workspace\open\src\hotspot\share\interpreter\linkResolver.cpp, line 790]
Event: 17.491 Thread 0x000001ea927c7bc0 Exception <a 'java/lang/NoSuchMethodError'{0x0000000705d70fd0}: 'void java.lang.invoke.DirectMethodHandle$Holder.invokeStatic(java.lang.Object, java.lang.Object, java.lang.Object, int)'> (0x0000000705d70fd0) 
thrown [t:\workspace\open\src\hotspot\share\interpreter\linkResolver.cpp, line 790]
Event: 21.771 Thread 0x000001ea924574d0 Exception <a 'java/lang/NoSuchMethodError'{0x0000000705e00418}: 'java.lang.Object java.lang.invoke.DirectMethodHandle$Holder.newInvokeSpecial(java.lang.Object, java.lang.Object, java.lang.Object, java.lang.Object, long)'> (0x0000000705e00418) 
thrown [t:\workspace\open\src\hotspot\share\interpreter\linkResolver.cpp, line 790]

Events (20 events):
Event: 21.674 Thread 0x000001ea92457f70 Thread added: 0x000001ea92457f70
Event: 21.674 loading class sun/net/www/http/ClientVector
Event: 21.674 loading class sun/net/www/http/ClientVector done
Event: 21.674 Executing  VM operation: HandshakeAllThreads
Event: 21.674 Executing  VM operation: HandshakeAllThreads done
Event: 21.674 Executing  VM operation: HandshakeAllThreads
Event: 21.674 Executing  VM operation: HandshakeAllThreads done
Event: 21.674 loading class sun/net/www/http/KeepAliveEntry
Event: 21.675 loading class sun/net/www/http/KeepAliveEntry done
Event: 21.675 Executing  VM operation: G1CollectFull
Event: 21.708 Executing  VM operation: G1CollectFull done
Event: 21.708 Thread 0x000001ea92455a40 Thread added: 0x000001ea92455a40
Event: 21.709 Executing  VM operation: G1CollectFull
Event: 21.740 Executing  VM operation: G1CollectFull done
Event: 21.740 Executing  VM operation: G1CollectFull
Event: 21.771 Executing  VM operation: G1CollectFull done
Event: 21.771 Thread 0x000001ea924584c0 Thread added: 0x000001ea924584c0
Event: 21.771 Executing  VM operation: G1CollectFull
Event: 21.801 Executing  VM operation: G1CollectFull done
Event: 21.802 Executing  VM operation: G1CollectFull


Dynamic libraries:
0x00007ff6411c0000 - 0x00007ff6411d0000 	C:\Program Files\Java\jdk-16.0.1\bin\java.exe
0x00007ffe36c50000 - 0x00007ffe36e45000 	C:\Windows\SYSTEM32\ntdll.dll
0x00007ffe34ce0000 - 0x00007ffe34d9d000 	C:\Windows\System32\KERNEL32.DLL
0x00007ffe349f0000 - 0x00007ffe34cb8000 	C:\Windows\System32\KERNELBASE.dll
0x00007ffe31c40000 - 0x00007ffe31cd0000 	C:\Windows\SYSTEM32\apphelp.dll
0x00007ffe34770000 - 0x00007ffe34870000 	C:\Windows\System32\ucrtbase.dll
0x00007ffe2f5e0000 - 0x00007ffe2f5f9000 	C:\Program Files\Java\jdk-16.0.1\bin\VCRUNTIME140.dll
0x00007ffe2f600000 - 0x00007ffe2f618000 	C:\Program Files\Java\jdk-16.0.1\bin\jli.dll
0x00007ffe34da0000 - 0x00007ffe34e4c000 	C:\Windows\System32\ADVAPI32.dll
0x00007ffe34eb0000 - 0x00007ffe34f4e000 	C:\Windows\System32\msvcrt.dll
0x00007ffe35670000 - 0x00007ffe3570b000 	C:\Windows\System32\sechost.dll
0x00007ffe36570000 - 0x00007ffe3669b000 	C:\Windows\System32\RPCRT4.dll
0x00007ffe35990000 - 0x00007ffe35b30000 	C:\Windows\System32\USER32.dll
0x00007ffe34870000 - 0x00007ffe34892000 	C:\Windows\System32\win32u.dll
0x00007ffe1f180000 - 0x00007ffe1f41a000 	C:\Windows\WinSxS\amd64_microsoft.windows.common-controls_6595b64144ccf1df_6.0.19041.1052_none_60b8f8fd71f5e8cb\COMCTL32.dll
0x00007ffe36390000 - 0x00007ffe363ba000 	C:\Windows\System32\GDI32.dll
0x00007ffe34580000 - 0x00007ffe3468b000 	C:\Windows\System32\gdi32full.dll
0x00007ffe34950000 - 0x00007ffe349ed000 	C:\Windows\System32\msvcp_win.dll
0x00007ffe2e7a0000 - 0x00007ffe2e7aa000 	C:\Windows\SYSTEM32\VERSION.dll
0x00007ffe357e0000 - 0x00007ffe35810000 	C:\Windows\System32\IMM32.DLL
0x00007ffe2f5d0000 - 0x00007ffe2f5dc000 	C:\Program Files\Java\jdk-16.0.1\bin\vcruntime140_1.dll
0x00007ffe28790000 - 0x00007ffe28821000 	C:\Program Files\Java\jdk-16.0.1\bin\msvcp140.dll
0x00007ffdda8e0000 - 0x00007ffddb48b000 	C:\Program Files\Java\jdk-16.0.1\bin\server\jvm.dll
0x00007ffe35180000 - 0x00007ffe35188000 	C:\Windows\System32\PSAPI.DLL
0x00007ffe31800000 - 0x00007ffe31809000 	C:\Windows\SYSTEM32\WSOCK32.dll
0x00007ffe28090000 - 0x00007ffe280b7000 	C:\Windows\SYSTEM32\WINMM.dll
0x00007ffe35810000 - 0x00007ffe3587b000 	C:\Windows\System32\WS2_32.dll
0x00007ffe322e0000 - 0x00007ffe322f2000 	C:\Windows\SYSTEM32\kernel.appcore.dll
0x00007ffe2f380000 - 0x00007ffe2f38a000 	C:\Program Files\Java\jdk-16.0.1\bin\jimage.dll
0x00007ffe1c4c0000 - 0x00007ffe1c6a4000 	C:\Windows\SYSTEM32\DBGHELP.DLL
0x00007ffe1bb70000 - 0x00007ffe1bb9c000 	C:\Windows\SYSTEM32\dbgcore.DLL
0x00007ffe34390000 - 0x00007ffe34413000 	C:\Windows\System32\bcryptPrimitives.dll
0x00007ffe2f330000 - 0x00007ffe2f33e000 	C:\Program Files\Java\jdk-16.0.1\bin\instrument.dll
0x00007ffe2f350000 - 0x00007ffe2f375000 	C:\Program Files\Java\jdk-16.0.1\bin\java.dll
0x00007ffe35b30000 - 0x00007ffe3626f000 	C:\Windows\System32\SHELL32.dll
0x00007ffe324e0000 - 0x00007ffe32c70000 	C:\Windows\SYSTEM32\windows.storage.dll
0x00007ffe368b0000 - 0x00007ffe36c05000 	C:\Windows\System32\combase.dll
0x00007ffe33e00000 - 0x00007ffe33e2c000 	C:\Windows\SYSTEM32\Wldp.dll
0x00007ffe358e0000 - 0x00007ffe3598e000 	C:\Windows\System32\SHCORE.dll
0x00007ffe35080000 - 0x00007ffe350d5000 	C:\Windows\System32\shlwapi.dll
0x00007ffe342d0000 - 0x00007ffe342ef000 	C:\Windows\SYSTEM32\profapi.dll
0x00007ffe2ece0000 - 0x00007ffe2ecf9000 	C:\Program Files\Java\jdk-16.0.1\bin\net.dll
0x00007ffe2b060000 - 0x00007ffe2b16b000 	C:\Windows\SYSTEM32\WINHTTP.dll
0x00007ffe33b70000 - 0x00007ffe33bda000 	C:\Windows\system32\mswsock.dll
0x00007ffe2ecc0000 - 0x00007ffe2ecd3000 	C:\Program Files\Java\jdk-16.0.1\bin\nio.dll
0x00007ffe2eca0000 - 0x00007ffe2ecb8000 	C:\Program Files\Java\jdk-16.0.1\bin\zip.dll
0x00007ffe2ec70000 - 0x00007ffe2ec8a000 	C:\Program Files\JetBrains\IntelliJ IDEA 2021.1.1\bin\breakgen64.dll
0x000001eaedb70000 - 0x000001eaedb73000 	C:\Program Files\Java\javafx-sdk-16\bin\api-ms-win-core-console-l1-1-0.dll
0x000001eaedb80000 - 0x000001eaedb83000 	C:\Program Files\Java\javafx-sdk-16\bin\api-ms-win-core-console-l1-2-0.dll
0x000001eaedb90000 - 0x000001eaedb93000 	C:\Program Files\Java\javafx-sdk-16\bin\api-ms-win-core-datetime-l1-1-0.dll
0x000001eaffd10000 - 0x000001eaffd13000 	C:\Program Files\Java\javafx-sdk-16\bin\api-ms-win-core-debug-l1-1-0.dll
0x000001eaffd20000 - 0x000001eaffd23000 	C:\Program Files\Java\javafx-sdk-16\bin\api-ms-win-core-errorhandling-l1-1-0.dll
0x000001eaffd30000 - 0x000001eaffd34000 	C:\Program Files\Java\javafx-sdk-16\bin\api-ms-win-core-file-l1-1-0.dll
0x000001eaffd40000 - 0x000001eaffd43000 	C:\Program Files\Java\javafx-sdk-16\bin\api-ms-win-core-file-l1-2-0.dll
0x000001eaffd50000 - 0x000001eaffd53000 	C:\Program Files\Java\javafx-sdk-16\bin\api-ms-win-core-file-l2-1-0.dll
0x000001eaffd60000 - 0x000001eaffd63000 	C:\Program Files\Java\javafx-sdk-16\bin\api-ms-win-core-handle-l1-1-0.dll
0x000001eaffeb0000 - 0x000001eaffeb3000 	C:\Program Files\Java\javafx-sdk-16\bin\api-ms-win-core-heap-l1-1-0.dll
0x000001eaffd70000 - 0x000001eaffd73000 	C:\Program Files\Java\javafx-sdk-16\bin\api-ms-win-core-interlocked-l1-1-0.dll
0x000001eaffd80000 - 0x000001eaffd83000 	C:\Program Files\Java\javafx-sdk-16\bin\api-ms-win-core-libraryloader-l1-1-0.dll
0x000001eaffd90000 - 0x000001eaffd93000 	C:\Program Files\Java\javafx-sdk-16\bin\api-ms-win-core-localization-l1-2-0.dll
0x000001eaffda0000 - 0x000001eaffda3000 	C:\Program Files\Java\javafx-sdk-16\bin\api-ms-win-core-memory-l1-1-0.dll
0x000001eaffdb0000 - 0x000001eaffdb3000 	C:\Program Files\Java\javafx-sdk-16\bin\api-ms-win-core-namedpipe-l1-1-0.dll
0x000001eaffdc0000 - 0x000001eaffdc3000 	C:\Program Files\Java\javafx-sdk-16\bin\api-ms-win-core-processenvironment-l1-1-0.dll
0x000001eaffdd0000 - 0x000001eaffdd3000 	C:\Program Files\Java\javafx-sdk-16\bin\api-ms-win-core-processthreads-l1-1-0.dll
0x000001eaffde0000 - 0x000001eaffde3000 	C:\Program Files\Java\javafx-sdk-16\bin\api-ms-win-core-processthreads-l1-1-1.dll
0x000001eaffdf0000 - 0x000001eaffdf3000 	C:\Program Files\Java\javafx-sdk-16\bin\api-ms-win-core-profile-l1-1-0.dll
0x000001eaffe00000 - 0x000001eaffe03000 	C:\Program Files\Java\javafx-sdk-16\bin\api-ms-win-core-rtlsupport-l1-1-0.dll
0x000001eaffe10000 - 0x000001eaffe13000 	C:\Program Files\Java\javafx-sdk-16\bin\api-ms-win-core-string-l1-1-0.dll
0x000001eaffe20000 - 0x000001eaffe23000 	C:\Program Files\Java\javafx-sdk-16\bin\api-ms-win-core-synch-l1-1-0.dll
0x000001eaffe30000 - 0x000001eaffe33000 	C:\Program Files\Java\javafx-sdk-16\bin\api-ms-win-core-synch-l1-2-0.dll
0x000001eaffe40000 - 0x000001eaffe43000 	C:\Program Files\Java\javafx-sdk-16\bin\api-ms-win-core-sysinfo-l1-1-0.dll
0x000001eaffe50000 - 0x000001eaffe53000 	C:\Program Files\Java\javafx-sdk-16\bin\api-ms-win-core-timezone-l1-1-0.dll
0x000001eaffe60000 - 0x000001eaffe63000 	C:\Program Files\Java\javafx-sdk-16\bin\api-ms-win-core-util-l1-1-0.dll
0x000001eaffe70000 - 0x000001eaffe73000 	C:\Program Files\Java\javafx-sdk-16\bin\api-ms-win-crt-conio-l1-1-0.dll
0x000001eaffe80000 - 0x000001eaffe84000 	C:\Program Files\Java\javafx-sdk-16\bin\api-ms-win-crt-convert-l1-1-0.dll
0x000001eaffe90000 - 0x000001eaffe93000 	C:\Program Files\Java\javafx-sdk-16\bin\api-ms-win-crt-environment-l1-1-0.dll
0x000001eaffea0000 - 0x000001eaffea3000 	C:\Program Files\Java\javafx-sdk-16\bin\api-ms-win-crt-filesystem-l1-1-0.dll
0x000001eaffec0000 - 0x000001eaffec3000 	C:\Program Files\Java\javafx-sdk-16\bin\api-ms-win-crt-heap-l1-1-0.dll
0x000001eaffed0000 - 0x000001eaffed3000 	C:\Program Files\Java\javafx-sdk-16\bin\api-ms-win-crt-locale-l1-1-0.dll
0x000001eaffee0000 - 0x000001eaffee5000 	C:\Program Files\Java\javafx-sdk-16\bin\api-ms-win-crt-math-l1-1-0.dll
0x000001eaffef0000 - 0x000001eaffef5000 	C:\Program Files\Java\javafx-sdk-16\bin\api-ms-win-crt-multibyte-l1-1-0.dll
0x000001eafff00000 - 0x000001eafff10000 	C:\Program Files\Java\javafx-sdk-16\bin\api-ms-win-crt-private-l1-1-0.dll
0x000001eafff10000 - 0x000001eafff13000 	C:\Program Files\Java\javafx-sdk-16\bin\api-ms-win-crt-process-l1-1-0.dll
0x000001ea92fd0000 - 0x000001ea92fd4000 	C:\Program Files\Java\javafx-sdk-16\bin\api-ms-win-crt-runtime-l1-1-0.dll
0x000001ea92fe0000 - 0x000001ea92fe4000 	C:\Program Files\Java\javafx-sdk-16\bin\api-ms-win-crt-stdio-l1-1-0.dll
0x000001ea92ff0000 - 0x000001ea92ff4000 	C:\Program Files\Java\javafx-sdk-16\bin\api-ms-win-crt-string-l1-1-0.dll
0x000001ea93000000 - 0x000001ea93003000 	C:\Program Files\Java\javafx-sdk-16\bin\api-ms-win-crt-time-l1-1-0.dll
0x000001ea93010000 - 0x000001ea93013000 	C:\Program Files\Java\javafx-sdk-16\bin\api-ms-win-crt-utility-l1-1-0.dll
0x00007ffdf3250000 - 0x00007ffdf334c000 	C:\Program Files\Java\javafx-sdk-16\bin\ucrtbase.dll
0x00007ffe28630000 - 0x00007ffe28649000 	C:\Program Files\Java\javafx-sdk-16\bin\vcruntime140.dll
0x00007ffe28620000 - 0x00007ffe2862c000 	C:\Program Files\Java\javafx-sdk-16\bin\vcruntime140_1.dll
0x00007ffe04680000 - 0x00007ffe04711000 	C:\Program Files\Java\javafx-sdk-16\bin\msvcp140.dll
0x00007ffe28540000 - 0x00007ffe28567000 	C:\Program Files\Java\javafx-sdk-16\bin\prism_d3d.dll
0x00007ffe27d00000 - 0x00007ffe27ece000 	C:\Windows\system32\d3d9.dll
0x00007ffe31ff0000 - 0x00007ffe3201f000 	C:\Windows\SYSTEM32\dwmapi.dll
0x00007ffe31d80000 - 0x00007ffe31e1e000 	C:\Windows\system32\uxtheme.dll
0x00007ffe03e20000 - 0x00007ffe03f85000 	C:\Windows\System32\DriverStore\FileRepository\iigd_dch.inf_amd64_987582d2e5ed9b28\igdumdim64.dll
0x00007ffe34f50000 - 0x00007ffe3507a000 	C:\Windows\System32\ole32.dll
0x00007ffdc01a0000 - 0x00007ffdc43a8000 	C:\Windows\System32\DriverStore\FileRepository\iigd_dch.inf_amd64_987582d2e5ed9b28\igd9dxva64.dll
0x00007ffe35710000 - 0x00007ffe357dd000 	C:\Windows\System32\OLEAUT32.dll
0x00007ffe351f0000 - 0x00007ffe35659000 	C:\Windows\System32\SETUPAPI.dll
0x00007ffe34690000 - 0x00007ffe346de000 	C:\Windows\System32\cfgmgr32.dll
0x00007ffe346e0000 - 0x00007ffe34707000 	C:\Windows\System32\bcrypt.dll
0x00007ffe25a60000 - 0x00007ffe25d91000 	C:\Windows\System32\DriverStore\FileRepository\iigd_dch.inf_amd64_987582d2e5ed9b28\igdgmm64.dll
0x00007ffe21560000 - 0x00007ffe215a2000 	C:\Program Files\Java\javafx-sdk-16\bin\glass.dll
0x00007ffe367d0000 - 0x00007ffe368aa000 	C:\Windows\System32\COMDLG32.dll
0x00007ffe36270000 - 0x00007ffe36385000 	C:\Windows\System32\MSCTF.dll
0x00007ffdfb3d0000 - 0x00007ffdfb3f7000 	C:\Windows\System32\DriverStore\FileRepository\iigd_dch.inf_amd64_987582d2e5ed9b28\igdinfo64.dll
0x00007ffe22c50000 - 0x00007ffe259c8000 	C:\Windows\System32\DriverStore\FileRepository\iigd_dch.inf_amd64_987582d2e5ed9b28\igc64.dll
0x00007ffe2a4b0000 - 0x00007ffe2a4eb000 	C:\Windows\SYSTEM32\dxcore.dll
0x00007ffe33d50000 - 0x00007ffe33d68000 	C:\Windows\SYSTEM32\CRYPTSP.dll
0x00007ffe334a0000 - 0x00007ffe334d4000 	C:\Windows\system32\rsaenh.dll
0x00007ffe34290000 - 0x00007ffe342be000 	C:\Windows\SYSTEM32\USERENV.dll
0x00007ffe33d40000 - 0x00007ffe33d4c000 	C:\Windows\SYSTEM32\CRYPTBASE.dll
0x00007ffe33810000 - 0x00007ffe3384b000 	C:\Windows\SYSTEM32\IPHLPAPI.DLL
0x00007ffe35170000 - 0x00007ffe35178000 	C:\Windows\System32\NSI.dll
0x00007ffe2d770000 - 0x00007ffe2d787000 	C:\Windows\SYSTEM32\dhcpcsvc6.DLL
0x00007ffe2d750000 - 0x00007ffe2d76d000 	C:\Windows\SYSTEM32\dhcpcsvc.DLL
0x00007ffe33860000 - 0x00007ffe3392c000 	C:\Windows\SYSTEM32\DNSAPI.dll
0x0000000067740000 - 0x0000000067818000 	C:\Users\bardiademon\AppData\Local\Temp\sqlite-3.34.0-b4abaa0b-9205-46d2-b626-38d4d427cd15-sqlitejdbc.dll
0x00007ffe215f0000 - 0x00007ffe21604000 	C:\Program Files\Java\javafx-sdk-16\bin\javafx_font.dll
0x00007ffe22110000 - 0x00007ffe2238f000 	C:\Windows\SYSTEM32\dwrite.dll
0x00007ffe36720000 - 0x00007ffe367c9000 	C:\Windows\System32\clbcatq.dll
0x00007ffe2ce60000 - 0x00007ffe2d014000 	C:\Windows\SYSTEM32\WindowsCodecs.dll
0x00007ffe176b0000 - 0x00007ffe176ee000 	C:\Windows\system32\dataexchange.dll
0x00007ffe30ef0000 - 0x00007ffe310d6000 	C:\Windows\system32\dcomp.dll
0x00007ffe2ffa0000 - 0x00007ffe30204000 	C:\Windows\system32\d3d11.dll
0x00007ffe32cd0000 - 0x00007ffe32dc4000 	C:\Windows\system32\dxgi.dll

dbghelp: loaded successfully - version: 4.0.5 - missing functions: none
symbol engine: initialized successfully - sym options: 0x614 - pdb path: .;C:\Program Files\Java\jdk-16.0.1\bin;C:\Windows\SYSTEM32;C:\Windows\WinSxS\amd64_microsoft.windows.common-controls_6595b64144ccf1df_6.0.19041.1052_none_60b8f8fd71f5e8cb;C:\Program Files\Java\jdk-16.0.1\bin\server;C:\Program Files\JetBrains\IntelliJ IDEA 2021.1.1\bin;C:\Program Files\Java\javafx-sdk-16\bin;C:\Windows\System32\DriverStore\FileRepository\iigd_dch.inf_amd64_987582d2e5ed9b28;C:\Users\bardiademon\AppData\Local\Temp;C:\Program Files\Common Files\Microsoft Shared\Ink

VM Arguments:
jvm_args: --module-path=C:\Program Files\Java\javafx-sdk-16\lib --add-modules=javafx.controls,javafx.fxml -javaagent:C:\Program Files\JetBrains\IntelliJ IDEA 2021.1.1\lib\idea_rt.jar=52700:C:\Program Files\JetBrains\IntelliJ IDEA 2021.1.1\bin -Dfile.encoding=UTF-8 
java_command: com.bardiademon.Main
java_class_path (initial): E:\Programming\project\java\IDMBardia\target\classes;C:\Users\bardiademon\.m2\repository\org\openjfx\javafx-fxml\16\javafx-fxml-16.jar;C:\Users\bardiademon\.m2\repository\org\openjfx\javafx-fxml\16\javafx-fxml-16-win.jar;C:\Users\bardiademon\.m2\repository\org\openjfx\javafx-controls\16\javafx-controls-16.jar;C:\Users\bardiademon\.m2\repository\org\openjfx\javafx-controls\16\javafx-controls-16-win.jar;C:\Users\bardiademon\.m2\repository\org\openjfx\javafx-graphics\16\javafx-graphics-16.jar;C:\Users\bardiademon\.m2\repository\org\openjfx\javafx-graphics\16\javafx-graphics-16-win.jar;C:\Users\bardiademon\.m2\repository\org\openjfx\javafx-base\16\javafx-base-16.jar;C:\Users\bardiademon\.m2\repository\org\openjfx\javafx-base\16\javafx-base-16-win.jar;C:\Program Files\Java\javafx-sdk-16\lib\src.zip;C:\Program Files\Java\javafx-sdk-16\lib\javafx-swt.jar;C:\Program Files\Java\javafx-sdk-16\lib\javafx.web.jar;C:\Program Files\Java\javafx-sdk-16\lib\javafx.base.jar;C:\Program Files\Java\javafx-sdk-16\lib\javafx.fxml.jar;C:\Program Files\Java\javafx-sdk-16\lib\javafx.media.jar;C:\Program Files\Java\javafx-sdk-16\lib\javafx.swing.jar;C:\Program Files\Java\javafx-sdk-16\lib\javafx.controls.jar;C:\Program Files\Java\javafx-sdk-16\lib\javafx.graphics.jar;E:\Programming\project\java\IDMBardia\data\lib\charm-glisten-4.4.1.jar;C:\Users\bardiademon\.m2\repository\com\jfoenix\jfoenix\9.0.10\jfoenix-9.0.10.jar;C:\Users\bardiademon\.m2\repository\org\xerial\sqlite-jdbc\3.34.0\sqlite-jdbc-3.34.0.jar;C:\Users\bardiademon\.m2\repository\commons-io\commons-io\2.9.0\commons-io-2.9.0.jar;C:\Users\bardiademon\.m2\repository\io\github\url-detector\url-detector\0.1.23\url-detector-0.1.23.jar;C:\Users\bardiademon\.m2\repository\org\apache\commons\commons-lang3\3.3.1\commons-lang3-3.3.1.jar;E:\Programming\project\java\IDMBardia\data\Download.jar
Launcher Type: SUN_STANDARD

[Global flags]
     intx CICompilerCount                          = 4                                         {product} {ergonomic}
     uint ConcGCThreads                            = 2                                         {product} {ergonomic}
     uint G1ConcRefinementThreads                  = 8                                         {product} {ergonomic}
   size_t G1HeapRegionSize                         = 2097152                                   {product} {ergonomic}
    uintx GCDrainStackTargetSize                   = 64                                        {product} {ergonomic}
   size_t InitialHeapSize                          = 268435456                                 {product} {ergonomic}
   size_t MarkStackSize                            = 4194304                                   {product} {ergonomic}
   size_t MaxHeapSize                              = 4265607168                                {product} {ergonomic}
   size_t MaxNewSize                               = 2558525440                                {product} {ergonomic}
   size_t MinHeapDeltaBytes                        = 2097152                                   {product} {ergonomic}
   size_t MinHeapSize                              = 8388608                                   {product} {ergonomic}
    uintx NonNMethodCodeHeapSize                   = 5839372                                {pd product} {ergonomic}
    uintx NonProfiledCodeHeapSize                  = 122909434                              {pd product} {ergonomic}
    uintx ProfiledCodeHeapSize                     = 122909434                              {pd product} {ergonomic}
    uintx ReservedCodeCacheSize                    = 251658240                              {pd product} {ergonomic}
     bool SegmentedCodeCache                       = true                                      {product} {ergonomic}
   size_t SoftMaxHeapSize                          = 4265607168                             {manageable} {ergonomic}
     bool UseCompressedClassPointers               = true                           {product lp64_product} {ergonomic}
     bool UseCompressedOops                        = true                           {product lp64_product} {ergonomic}
     bool UseG1GC                                  = true                                      {product} {ergonomic}
     bool UseLargePagesIndividualAllocation        = false                                  {pd product} {ergonomic}

Logging:
Log output configuration:
 #0: stdout all=warning uptime,level,tags
 #1: stderr all=off uptime,level,tags

Environment Variables:
JAVA_HOME=C:\Program Files\Java\jdk1.8.0_291
PATH=C:\Python39\Scripts\;C:\Python39\;C:\Program Files\Common Files\Oracle\Java\javapath;C:\Program Files (x86)\Common Files\Oracle\Java\javapath;C:\ProgramData\Oracle\Java\javapath;C:\Program Files\Java\jdk1.8.0_291\bin;C:\Windows\system32;C:\Windows;C:\Windows\System32\Wbem;C:\Windows\System32\WindowsPowerShell\v1.0\;C:\Windows\System32\OpenSSH\;C:\Program Files (x86)\NVIDIA Corporation\PhysX\Common;C:\Program Files\NVIDIA Corporation\NVIDIA NvDLISR;C:\Program Files\nodejs\;C:\ProgramData\chocolatey\bin;D:\Program Files\Git\cmd;C:\Program Files\MySQL\MySQL Server 8.0\bin;C:\Program Files\MySQL\MySQL Shell 8.0\bin\;C:\Users\bardiademon\AppData\Local\Microsoft\WindowsApps;C:\Program Files\JetBrains\IntelliJ IDEA 2021.1.1\bin;C:\Program Files\JetBrains\WebStorm 2021.1.1\bin;C:\Users\bardiademon\AppData\Roaming\npm;C:\Users\bardiademon\AppData\Local\Programs\Microsoft VS Code\bin
USERNAME=bardiademon
OS=Windows_NT
PROCESSOR_IDENTIFIER=Intel64 Family 6 Model 158 Stepping 9, GenuineIntel



---------------  S Y S T E M  ---------------

OS:
 Windows 10 , 64 bit Build 19041 (10.0.19041.1023)
OS uptime: 1 days 13:08 hours

CPU: total 8 (initial active 8) (4 cores per cpu, 2 threads per core) family 6 model 158 stepping 9 microcode 0xb4, cx8, cmov, fxsr, ht, mmx, 3dnowpref, sse, sse2, sse3, ssse3, sse4.1, sse4.2, popcnt, lzcnt, tsc, tscinvbit, avx, avx2, aes, erms, clmul, bmi1, bmi2, adx, fma, vzeroupper, clflush, clflushopt

Memory: 4k page, system-wide physical 16265M (7990M free)
TotalPageFile size 18697M (AvailPageFile size 7749M)
current process WorkingSet (physical memory assigned to process): 230M, peak: 282M
current process commit charge ("private bytes"): 280M, peak: 417M

vm_info: Java HotSpot(TM) 64-Bit Server VM (16.0.1+9-24) for windows-amd64 JRE (16.0.1+9-24), built on Mar 26 2021 19:31:42 by "mach5one" with MS VC++ 16.7 (VS2019)

END.
