#
# A fatal error has been detected by the Java Runtime Environment:
#
#  EXCEPTION_ACCESS_VIOLATION (0xc0000005) at pc=0x00007ffd6cd1faad, pid=6140, tid=2432
#
# JRE version: Java(TM) SE Runtime Environment (16.0.1+9) (build 16.0.1+9-24)
# Java VM: Java HotSpot(TM) 64-Bit Server VM (16.0.1+9-24, mixed mode, sharing, tiered, compressed oops, compressed class ptrs, g1 gc, windows-amd64)
# Problematic frame:
# C  [ntdll.dll+0x2faad]
#
# No core dump will be written. Minidumps are not enabled by default on client versions of Windows
#
# If you would like to submit a bug report, please visit:
#   https://bugreport.java.com/bugreport/crash.jsp
# The crash happened outside the Java Virtual Machine in native code.
# See problematic frame for where to report the bug.
#

---------------  S U M M A R Y ------------

Command Line: --module-path=C:\Program Files\Java\javafx-sdk-16\lib --add-modules=javafx.controls,javafx.fxml -javaagent:C:\Program Files\JetBrains\IntelliJ IDEA 2021.1.1\lib\idea_rt.jar=53053:C:\Program Files\JetBrains\IntelliJ IDEA 2021.1.1\bin -Dfile.encoding=UTF-8 com.bardiademon.Main

Host: Intel(R) Core(TM) i7-7700HQ CPU @ 2.80GHz, 8 cores, 15G,  Windows 10 , 64 bit Build 19041 (10.0.19041.1023)
Time: Thu Jun 17 21:24:33 2021 Iran Daylight Time elapsed time: 17.968785 seconds (0d 0h 0m 17s)

---------------  T H R E A D  ---------------

Current thread (0x0000021f7e553340):  JavaThread "Thread-41" [_thread_in_native, id=2432, stack(0x0000005a96600000,0x0000005a96700000)]

Stack: [0x0000005a96600000,0x0000005a96700000],  sp=0x0000005a966fed40,  free space=1019k
Native frames: (J=compiled Java code, j=interpreted, Vv=VM code, C=native code)
C  [ntdll.dll+0x2faad]
C  [sqlite-3.34.0-0ac38612-0978-4143-9312-2946d31b27ef-sqlitejdbc.dll+0x1251f]

Java frames: (J=compiled Java code, j=interpreted, Vv=VM code)
j  org.sqlite.core.NativeDB.column_int(JI)I+0
j  org.sqlite.jdbc3.JDBC3ResultSet.getInt(I)I+18
j  com.bardiademon.models.DownloadList.DownloadListService.getCount()I+40
j  com.bardiademon.models.DownloadList.DownloadListService.findAll()Ljava/util/List;+10
j  com.bardiademon.controllers.MainController.lambda$refresh$4()V+33
j  com.bardiademon.controllers.MainController$$Lambda$181+0x0000000800d60440.run()V+4
j  java.lang.Thread.run()V+11 java.base@16.0.1
v  ~StubRoutines::call_stub

siginfo: EXCEPTION_ACCESS_VIOLATION (0xc0000005), reading address 0xffffffffffffffff


Register to memory mapping:

RIP=0x00007ffd6cd1faad ntdll.dll
RAX=0x0000005a9516a000 points into unknown readable memory: 0x0000000000000000 | 00 00 00 00 00 00 00 00
RBX=0x0 is NULL
RCX=0x0037004d00410053 is an unknown value
RDX=0x0 is NULL
RSP=0x0000005a966fed40 is pointing into the stack for thread: 0x0000021f7e553340
RBP=0x0000005a966fee90 is pointing into the stack for thread: 0x0000021f7e553340
RSI=0x0000021f5183ee98 points into unknown readable memory: 0x0000021f7d572390 | 90 23 57 7d 1f 02 00 00
RDI=0x00000000000011b5 is an unknown value
R8 =0x0000021f5183ee98 points into unknown readable memory: 0x0000021f7d572390 | 90 23 57 7d 1f 02 00 00
R9 =0x0 is NULL
R10=0x0000021f5af8e801 is at code_begin+1249 in an Interpreter codelet
method entry point (kind = native_synchronized)  [0x0000021f5af8e320, 0x0000021f5af8ee00]  2784 bytes
R11=0x0000000000000121 is an unknown value
R12=0x0 is NULL
R13={method} {0x0000021f76db6db8} 'column_int' '(JI)I' in 'org/sqlite/core/NativeDB'
R14=0x0000005a966feec8 is pointing into the stack for thread: 0x0000021f7e553340
R15=0x0000021f7e553340 is a thread


Registers:
RAX=0x0000005a9516a000, RBX=0x0000000000000000, RCX=0x0037004d00410053, RDX=0x0000000000000000
RSP=0x0000005a966fed40, RBP=0x0000005a966fee90, RSI=0x0000021f5183ee98, RDI=0x00000000000011b5
R8 =0x0000021f5183ee98, R9 =0x0000000000000000, R10=0x0000021f5af8e801, R11=0x0000000000000121
R12=0x0000000000000000, R13=0x0000021f76db6db0, R14=0x0000005a966feec8, R15=0x0000021f7e553340
RIP=0x00007ffd6cd1faad, EFLAGS=0x0000000000010202

Top of Stack: (sp=0x0000005a966fed40)
0x0000005a966fed40:   0000005a00000000 00007ffd0f2babee
0x0000005a966fed50:   0000021f7e553340 0000021f76db6941
0x0000005a966fed60:   0000005a966fee60 000000006775251f
0x0000005a966fed70:   0000005a966feec8 0000021f76db6db0
0x0000005a966fed80:   0000000000000000 0000021f7e553340
0x0000005a966fed90:   0000005a966fee38 0000021f5183ee98
0x0000005a966feda0:   0000000000000168 000000006775256e
0x0000005a966fedb0:   0000021f7e90b300 0000021f00000005
0x0000005a966fedc0:   0000005a00000002 0000021f09d82b10
0x0000005a966fedd0:   0000021f09d82750 00007ffd0eef7eb0
0x0000005a966fede0:   0000021f76db6db0 0000021f5af8e830
0x0000005a966fedf0:   0000021f76e20f60 0000005a966fee48
0x0000005a966fee00:   00000000000011b5 0000021f5af8e56e
0x0000005a966fee10:   0000021f76db6db0 0000005a966fee90
0x0000005a966fee20:   0000000000000168 0000005a966fee40
0x0000005a966fee30:   0000021f5af8e515 0000000000000003 

Instructions: (pc=0x00007ffd6cd1faad)
0x00007ffd6cd1f9ad:   48 b8 7f 7f 7f 7f 7f 7f 7f 7f 41 8b c8 48 0b cb
0x00007ffd6cd1f9bd:   48 23 c8 83 e6 1f 49 89 8c f4 40 85 16 00 48 81
0x00007ffd6cd1f9cd:   c4 98 00 00 00 41 5f 41 5e 41 5d 41 5c 5f 5e 5b
0x00007ffd6cd1f9dd:   5d c3 cc 33 d2 41 8b c6 41 f7 f0 44 8b c8 e9 d6
0x00007ffd6cd1f9ed:   fc ff ff 41 8d 57 ff 41 85 d7 0f 84 d3 35 08 00
0x00007ffd6cd1f9fd:   41 b8 00 10 00 00 41 b9 ff ff 00 00 e9 fc 35 08
0x00007ffd6cd1fa0d:   00 cc cc cc cc cc cc 48 8b c4 48 89 58 08 48 89
0x00007ffd6cd1fa1d:   68 10 48 89 70 18 48 89 78 20 41 56 48 83 ec 20
0x00007ffd6cd1fa2d:   40 8a ea 4c 8d 35 99 b1 13 00 48 8b f1 33 db 48
0x00007ffd6cd1fa3d:   8d 0d 9d b1 13 00 e8 58 00 00 00 4c 8b 05 81 b1
0x00007ffd6cd1fa4d:   13 00 4d 3b c6 0f 85 c8 38 08 00 48 85 db 75 33
0x00007ffd6cd1fa5d:   48 8d 0d 7c b1 13 00 e8 c7 f7 ff ff 48 85 db 0f
0x00007ffd6cd1fa6d:   85 e3 38 08 00 33 c0 48 8b 5c 24 30 48 8b 6c 24
0x00007ffd6cd1fa7d:   38 48 8b 74 24 40 48 8b 7c 24 48 48 83 c4 20 41
0x00007ffd6cd1fa8d:   5e c3 cc f0 ff 43 3c eb c7 cc cc cc cc cc cc cc
0x00007ffd6cd1fa9d:   cc cc cc 48 83 ec 28 65 48 8b 04 25 30 00 00 00
0x00007ffd6cd1faad:   f0 0f ba 71 08 00 48 8b 40 48 73 13 48 89 41 10
0x00007ffd6cd1fabd:   33 c0 c7 41 0c 01 00 00 00 48 83 c4 28 c3 cc 48
0x00007ffd6cd1facd:   39 41 10 75 0b ff 41 0c 33 c0 48 83 c4 28 c3 cc
0x00007ffd6cd1fadd:   e8 0e 00 00 00 eb e2 cc cc cc cc cc cc cc cc cc
0x00007ffd6cd1faed:   cc cc cc 48 89 5c 24 18 55 56 57 41 54 41 55 41
0x00007ffd6cd1fafd:   56 41 57 48 83 ec 20 8b 41 20 48 8b f1 48 0f ba
0x00007ffd6cd1fb0d:   e0 1a 0f 82 df 01 00 00 33 ff 40 32 ed 66 83 3c
0x00007ffd6cd1fb1d:   25 6a 03 fe 7f 01 76 19 48 8b 7e 20 48 8b c7 81
0x00007ffd6cd1fb2d:   e7 ff ff ff 00 25 00 00 00 02 48 85 c0 40 0f 95
0x00007ffd6cd1fb3d:   c5 45 32 ff b0 01 45 32 e4 41 bd 01 00 00 00 45
0x00007ffd6cd1fb4d:   33 c0 ba 6a 03 fe 7f 84 c0 0f 84 14 01 00 00 8b
0x00007ffd6cd1fb5d:   46 08 4c 8d 4e 08 45 84 e4 41 be 03 00 00 00 45
0x00007ffd6cd1fb6d:   0f 44 f5 41 84 c5 0f 85 e2 00 00 00 8d 0c bf 03
0x00007ffd6cd1fb7d:   c9 66 44 39 2a 0f 86 e8 00 00 00 4d 85 c9 74 0e
0x00007ffd6cd1fb8d:   80 3c 25 97 02 fe 7f 00 0f 85 e9 37 08 00 0f b7
0x00007ffd6cd1fb9d:   1c 25 d6 02 fe 7f 83 fb 0c 0f 85 a2 00 00 00 b8 


Stack slot to memory mapping:
stack at sp + 0 slots: 0x0000005a00000000 is an unknown value
stack at sp + 1 slots: 0x00007ffd0f2babee jvm.dll
stack at sp + 2 slots: 0x0000021f7e553340 is a thread
stack at sp + 3 slots: 0x0000021f76db6941 is pointing into metadata
stack at sp + 4 slots: 0x0000005a966fee60 is pointing into the stack for thread: 0x0000021f7e553340
stack at sp + 5 slots: 0x000000006775251f sqlite-3.34.0-0ac38612-0978-4143-9312-2946d31b27ef-sqlitejdbc.dll
stack at sp + 6 slots: 0x0000005a966feec8 is pointing into the stack for thread: 0x0000021f7e553340
stack at sp + 7 slots: {method} {0x0000021f76db6db8} 'column_int' '(JI)I' in 'org/sqlite/core/NativeDB'


---------------  P R O C E S S  ---------------

Threads class SMR info:
_java_thread_list=0x0000021f788c9980, length=27, elements={
0x0000021f538096e0, 0x0000021f764183b0, 0x0000021f76419270, 0x0000021f76423160,
0x0000021f76427ba0, 0x0000021f764285a0, 0x0000021f76429fb0, 0x0000021f7642e290,
0x0000021f76436d90, 0x0000021f7643bbe0, 0x0000021f770df4b0, 0x0000021f77ba5190,
0x0000021f77478a80, 0x0000021f77805f20, 0x0000021f7721d280, 0x0000021f7747d3c0,
0x0000021f77c9c2f0, 0x0000021f77c9d830, 0x0000021f77c9dd80, 0x0000021f77c9e2d0,
0x0000021f77c9c840, 0x0000021f78a19f40, 0x0000021f7e8e2950, 0x0000021f7e407080,
0x0000021f7e553340, 0x0000021f7e552df0, 0x0000021f7e551e00
}

Java Threads: ( => current thread )
  0x0000021f538096e0 JavaThread "main" [_thread_blocked, id=17016, stack(0x0000005a95500000,0x0000005a95600000)]
  0x0000021f764183b0 JavaThread "Reference Handler" daemon [_thread_blocked, id=5960, stack(0x0000005a95c00000,0x0000005a95d00000)]
  0x0000021f76419270 JavaThread "Finalizer" daemon [_thread_blocked, id=1316, stack(0x0000005a95d00000,0x0000005a95e00000)]
  0x0000021f76423160 JavaThread "Signal Dispatcher" daemon [_thread_blocked, id=5736, stack(0x0000005a95e00000,0x0000005a95f00000)]
  0x0000021f76427ba0 JavaThread "Attach Listener" daemon [_thread_blocked, id=15500, stack(0x0000005a95f00000,0x0000005a96000000)]
  0x0000021f764285a0 JavaThread "Service Thread" daemon [_thread_blocked, id=5904, stack(0x0000005a96000000,0x0000005a96100000)]
  0x0000021f76429fb0 JavaThread "Monitor Deflation Thread" daemon [_thread_blocked, id=13388, stack(0x0000005a96100000,0x0000005a96200000)]
  0x0000021f7642e290 JavaThread "C2 CompilerThread0" daemon [_thread_blocked, id=1560, stack(0x0000005a96200000,0x0000005a96300000)]
  0x0000021f76436d90 JavaThread "C1 CompilerThread0" daemon [_thread_blocked, id=12848, stack(0x0000005a96300000,0x0000005a96400000)]
  0x0000021f7643bbe0 JavaThread "Sweeper thread" daemon [_thread_blocked, id=10008, stack(0x0000005a96400000,0x0000005a96500000)]
  0x0000021f770df4b0 JavaThread "Common-Cleaner" daemon [_thread_blocked, id=11248, stack(0x0000005a96500000,0x0000005a96600000)]
  0x0000021f77ba5190 JavaThread "Monitor Ctrl-Break" daemon [_thread_in_native, id=12292, stack(0x0000005a96800000,0x0000005a96900000)]
  0x0000021f77478a80 JavaThread "Notification Thread" daemon [_thread_blocked, id=3684, stack(0x0000005a96900000,0x0000005a96a00000)]
  0x0000021f77805f20 JavaThread "QuantumRenderer-0" daemon [_thread_blocked, id=11748, stack(0x0000005a96b00000,0x0000005a96c00000)]
  0x0000021f7721d280 JavaThread "InvokeLaterDispatcher" daemon [_thread_blocked, id=10772, stack(0x0000005a96c00000,0x0000005a96d00000)]
  0x0000021f7747d3c0 JavaThread "JavaFX Application Thread" [_thread_blocked, id=2116, stack(0x0000005a96d00000,0x0000005a96e00000)]
  0x0000021f77c9c2f0 JavaThread "Thread-1" daemon [_thread_blocked, id=4744, stack(0x0000005a97100000,0x0000005a97200000)]
  0x0000021f77c9d830 JavaThread "JavaFX-Launcher" [_thread_blocked, id=6080, stack(0x0000005a97200000,0x0000005a97300000)]
  0x0000021f77c9dd80 JavaThread "Prism Font Disposer" daemon [_thread_blocked, id=10972, stack(0x0000005a97d00000,0x0000005a97e00000)]
  0x0000021f77c9e2d0 JavaThread "Cleaner-0" daemon [_thread_blocked, id=2400, stack(0x0000005a97e00000,0x0000005a97f00000)]
  0x0000021f77c9c840 JavaThread "Timer-0" [_thread_blocked, id=6512, stack(0x0000005a98700000,0x0000005a98800000)]
  0x0000021f78a19f40 JavaThread "Timer-2" [_thread_blocked, id=16876, stack(0x0000005a98a00000,0x0000005a98b00000)]
  0x0000021f7e8e2950 JavaThread "Timer-3" [_thread_blocked, id=13068, stack(0x0000005a98600000,0x0000005a98700000)]
  0x0000021f7e407080 JavaThread "Timer-4" [_thread_blocked, id=13768, stack(0x0000005a98d00000,0x0000005a98e00000)]
=>0x0000021f7e553340 JavaThread "Thread-41" [_thread_in_native, id=2432, stack(0x0000005a96600000,0x0000005a96700000)]
  0x0000021f7e552df0 JavaThread "Thread-43" [_thread_blocked, id=4340, stack(0x0000005a98b00000,0x0000005a98c00000)]
  0x0000021f7e551e00 JavaThread "Thread-44" [_thread_blocked, id=1068, stack(0x0000005a98c00000,0x0000005a98d00000)]

Other Threads:
  0x0000021f76413760 VMThread "VM Thread" [stack: 0x0000005a95b00000,0x0000005a95c00000] [id=11468]
  0x0000021f77a9ef90 WatcherThread [stack: 0x0000005a96a00000,0x0000005a96b00000] [id=12948]
  0x0000021f53858ab0 GCTaskThread "GC Thread#0" [stack: 0x0000005a95600000,0x0000005a95700000] [id=12688]
  0x0000021f77bf9450 GCTaskThread "GC Thread#1" [stack: 0x0000005a97300000,0x0000005a97400000] [id=11504]
  0x0000021f77a52c80 GCTaskThread "GC Thread#2" [stack: 0x0000005a97400000,0x0000005a97500000] [id=9848]
  0x0000021f77a4d9d0 GCTaskThread "GC Thread#3" [stack: 0x0000005a97500000,0x0000005a97600000] [id=212]
  0x0000021f77a4dce0 GCTaskThread "GC Thread#4" [stack: 0x0000005a97600000,0x0000005a97700000] [id=15004]
  0x0000021f77a4e470 GCTaskThread "GC Thread#5" [stack: 0x0000005a97700000,0x0000005a97800000] [id=9036]
  0x0000021f77a4f400 GCTaskThread "GC Thread#6" [stack: 0x0000005a97800000,0x0000005a97900000] [id=15044]
  0x0000021f77a4e780 GCTaskThread "GC Thread#7" [stack: 0x0000005a97900000,0x0000005a97a00000] [id=16604]
  0x0000021f5386a940 ConcurrentGCThread "G1 Main Marker" [stack: 0x0000005a95700000,0x0000005a95800000] [id=1552]
  0x0000021f5386bb50 ConcurrentGCThread "G1 Conc#0" [stack: 0x0000005a95800000,0x0000005a95900000] [id=1736]
  0x0000021f7eb3c3e0 ConcurrentGCThread "G1 Conc#1" [stack: 0x0000005a98800000,0x0000005a98900000] [id=1112]
  0x0000021f538dd760 ConcurrentGCThread "G1 Refine#0" [stack: 0x0000005a95900000,0x0000005a95a00000] [id=15144]
  0x0000021f538de1e0 ConcurrentGCThread "G1 Service" [stack: 0x0000005a95a00000,0x0000005a95b00000] [id=5836]

Threads with active compile tasks:

VM state: at safepoint (normal execution)

VM Mutex/Monitor currently owned by a thread:  ([mutex/lock_event])
[0x0000021f53803bf0] Threads_lock - owner thread: 0x0000021f76413760
[0x0000021f53803650] Heap_lock - owner thread: 0x0000021f7e551e00

Heap address: 0x0000000701c00000, size: 4068 MB, Compressed Oops mode: Zero based, Oop shift amount: 3

CDS archive(s) mapped at: [0x0000000800000000-0x0000000800bb0000-0x0000000800bb0000), size 12255232, SharedBaseAddress: 0x0000000800000000, ArchiveRelocationMode: 0.
Compressed class space mapped at: 0x0000000800c00000-0x0000000840c00000, reserved size: 1073741824
Narrow klass base: 0x0000000800000000, Narrow klass shift: 3, Narrow klass range: 0x100000000

GC Precious Log:
 CPUs: 8 total, 8 available
 Memory: 16265M
 Large Page Support: Disabled
 NUMA Support: Disabled
 Compressed Oops: Enabled (Zero based)
 Heap Region Size: 2M
 Heap Min Capacity: 8M
 Heap Initial Capacity: 256M
 Heap Max Capacity: 4068M
 Pre-touch: Disabled
 Parallel Workers: 8
 Concurrent Workers: 2
 Concurrent Refinement Workers: 8
 Periodic GC: Disabled

Heap:
 garbage-first heap   total 34816K, used 15635K [0x0000000701c00000, 0x0000000800000000)
  region size 2048K, 1 young (2048K), 0 survivors (0K)
 Metaspace       used 25945K, committed 26176K, reserved 1073152K
  class space    used 3354K, committed 3456K, reserved 1048576K

Heap Regions: E=young(eden), S=young(survivor), O=old, HS=humongous(starts), HC=humongous(continues), CS=collection set, F=free, OA=open archive, CA=closed archive, TAMS=top-at-mark-start (previous, next)
|   0|0x0000000701c00000, 0x0000000701dffff8, 0x0000000701e00000| 99%| O|  |TAMS 0x0000000701c00000, 0x0000000701c00000| Untracked 
|   1|0x0000000701e00000, 0x0000000701fe5258, 0x0000000702000000| 94%| O|  |TAMS 0x0000000701e00000, 0x0000000701e00000| Untracked 
|   2|0x0000000702000000, 0x0000000702200000, 0x0000000702200000|100%| O|  |TAMS 0x0000000702000000, 0x0000000702000000| Untracked 
|   3|0x0000000702200000, 0x00000007023fffe8, 0x0000000702400000| 99%| O|  |TAMS 0x0000000702200000, 0x0000000702200000| Untracked 
|   4|0x0000000702400000, 0x0000000702600000, 0x0000000702600000|100%| O|  |TAMS 0x0000000702400000, 0x0000000702400000| Untracked 
|   5|0x0000000702600000, 0x0000000702800000, 0x0000000702800000|100%|HS|  |TAMS 0x0000000702800000, 0x0000000702600000| Untracked 
|   6|0x0000000702800000, 0x0000000702a00000, 0x0000000702a00000|100%| O|  |TAMS 0x0000000702800000, 0x0000000702800000| Untracked 
|   7|0x0000000702a00000, 0x0000000702b55928, 0x0000000702c00000| 66%| O|  |TAMS 0x0000000702a00000, 0x0000000702a00000| Untracked 
|   8|0x0000000702c00000, 0x0000000702c00000, 0x0000000702e00000|  0%| F|  |TAMS 0x0000000702c00000, 0x0000000702c00000| Untracked 
|   9|0x0000000702e00000, 0x0000000702e00000, 0x0000000703000000|  0%| F|  |TAMS 0x0000000702e00000, 0x0000000702e00000| Untracked 
|  10|0x0000000703000000, 0x0000000703000000, 0x0000000703200000|  0%| F|  |TAMS 0x0000000703000000, 0x0000000703000000| Untracked 
|  11|0x0000000703200000, 0x0000000703200000, 0x0000000703400000|  0%| F|  |TAMS 0x0000000703200000, 0x0000000703200000| Untracked 
|  12|0x0000000703400000, 0x0000000703400000, 0x0000000703600000|  0%| F|  |TAMS 0x0000000703400000, 0x0000000703400000| Untracked 
|  13|0x0000000703600000, 0x0000000703600000, 0x0000000703800000|  0%| F|  |TAMS 0x0000000703600000, 0x0000000703600000| Untracked 
|  14|0x0000000703800000, 0x0000000703800000, 0x0000000703a00000|  0%| F|  |TAMS 0x0000000703800000, 0x0000000703800000| Untracked 
|  15|0x0000000703a00000, 0x0000000703a00000, 0x0000000703c00000|  0%| F|  |TAMS 0x0000000703a00000, 0x0000000703a00000| Untracked 
|  16|0x0000000703c00000, 0x0000000703c0a408, 0x0000000703e00000|  2%| E|  |TAMS 0x0000000703c00000, 0x0000000703c00000| Complete 

Card table byte_map: [0x0000021f6aac0000,0x0000021f6b2c0000] _byte_map_base: 0x0000021f672b2000

Marking Bits (Prev, Next): (CMBitMap*) 0x0000021f5385a130, (CMBitMap*) 0x0000021f5385a170
 Prev Bits: [0x0000021f6bac0000, 0x0000021f6fa50000)
 Next Bits: [0x0000021f6fa50000, 0x0000021f739e0000)

Polling page: 0x0000021f51810000

Metaspace:

Usage:
  Non-class:     22.06 MB used.
      Class:      3.28 MB used.
       Both:     25.34 MB used.

Virtual space:
  Non-class space:       24.00 MB reserved,      22.19 MB ( 92%) committed,  3 nodes.
      Class space:        1.00 GB reserved,       3.38 MB ( <1%) committed,  1 nodes.
              Both:        1.02 GB reserved,      25.56 MB (  2%) committed. 

Chunk freelists:
   Non-Class:  1.56 MB
       Class:  588.00 KB
        Both:  2.14 MB

MaxMetaspaceSize: 17179869184.00 GB
CompressedClassSpaceSize: 1.00 GB
 - commit_granule_bytes: 65536.
 - commit_granule_words: 8192.
 - virtual_space_node_default_size: 1048576.
 - enlarge_chunks_in_place: 1.
 - new_chunks_are_fully_committed: 0.
 - uncommit_free_chunks: 1.
 - use_allocation_guard: 0.
 - handle_deallocations: 1.


Internal statistics:

num_allocs_failed_limit: 0.
num_arena_births: 268.
num_arena_deaths: 0.
num_vsnodes_births: 4.
num_vsnodes_deaths: 0.
num_space_committed: 409.
num_space_uncommitted: 0.
num_chunks_returned_to_freelist: 0.
num_chunks_taken_from_freelist: 972.
num_chunk_merges: 0.
num_chunk_splits: 662.
num_chunks_enlarged: 507.
num_purges: 0.

CodeHeap 'non-profiled nmethods': size=120000Kb used=2495Kb max_used=2495Kb free=117504Kb
 bounds [0x0000021f62a50000, 0x0000021f62cc0000, 0x0000021f69f80000]
CodeHeap 'profiled nmethods': size=120000Kb used=10448Kb max_used=10448Kb free=109551Kb
 bounds [0x0000021f5b520000, 0x0000021f5bf60000, 0x0000021f62a50000]
CodeHeap 'non-nmethods': size=5760Kb used=1509Kb max_used=1605Kb free=4250Kb
 bounds [0x0000021f5af80000, 0x0000021f5b1f0000, 0x0000021f5b520000]
 total_blobs=5719 nmethods=4833 adapters=796
 compilation: enabled
              stopped_count=0, restarted_count=0
 full_count=0

Compilation events (20 events):
Event: 17.094 Thread 0x0000021f7642e290 nmethod 4826 0x0000021f62cbda10 code [0x0000021f62cbdba0, 0x0000021f62cbdf18]
Event: 17.106 Thread 0x0000021f7642e290 4827       4       javafx.scene.input.MouseEvent::<init> (208 bytes)
Event: 17.118 Thread 0x0000021f7642e290 nmethod 4827 0x0000021f62cbdf90 code [0x0000021f62cbe160, 0x0000021f62cbefe8]
Event: 17.118 Thread 0x0000021f7642e290 4828       4       javafx.scene.input.MouseEvent::<init> (45 bytes)
Event: 17.119 Thread 0x0000021f7642e290 nmethod 4828 0x0000021f62cbf390 code [0x0000021f62cbf520, 0x0000021f62cbf6c8]
Event: 17.603 Thread 0x0000021f76436d90 4829       3       java.security.AccessController::getContext (23 bytes)
Event: 17.603 Thread 0x0000021f76436d90 nmethod 4829 0x0000021f5bf4b890 code [0x0000021f5bf4ba60, 0x0000021f5bf4bd38]
Event: 17.603 Thread 0x0000021f76436d90 4831       3       java.util.TimSort::sort (229 bytes)
Event: 17.604 Thread 0x0000021f76436d90 nmethod 4831 0x0000021f5bf4be90 code [0x0000021f5bf4c0e0, 0x0000021f5bf4c7f8]
Event: 17.685 Thread 0x0000021f76436d90 4832       3       javafx.beans.property.ReadOnlyBooleanWrapper$ReadOnlyPropertyImpl::get (8 bytes)
Event: 17.724 Thread 0x0000021f76436d90 nmethod 4832 0x0000021f5bf4cb90 code [0x0000021f5bf4cd40, 0x0000021f5bf4d068]
Event: 17.724 Thread 0x0000021f76436d90 4833   !   3       java.net.URL::<init> (543 bytes)
Event: 17.727 Thread 0x0000021f76436d90 nmethod 4833 0x0000021f5bf4d190 code [0x0000021f5bf4d820, 0x0000021f5bf51388]
Event: 17.727 Thread 0x0000021f76436d90 4835       3       java.net.URL::<init> (8 bytes)
Event: 17.727 Thread 0x0000021f76436d90 nmethod 4835 0x0000021f5bf53390 code [0x0000021f5bf53540, 0x0000021f5bf53688]
Event: 17.727 Thread 0x0000021f76436d90 4834       3       sun.net.www.ParseUtil::encodePath (41 bytes)
Event: 17.727 Thread 0x0000021f76436d90 nmethod 4834 0x0000021f5bf53710 code [0x0000021f5bf538e0, 0x0000021f5bf53b48]
Event: 17.794 Thread 0x0000021f76436d90 4836       3       java.lang.StringBuilder::append (6 bytes)
Event: 17.795 Thread 0x0000021f76436d90 nmethod 4836 0x0000021f5bf53c10 code [0x0000021f5bf53dc0, 0x0000021f5bf53f68]
Event: 17.954 Thread 0x0000021f76436d90 4837       3       java.nio.charset.CoderResult::isUnderflow (13 bytes)

GC Heap History (20 events):
Event: 9.523 GC heap after
{Heap after GC invocations=26 (full 20):
 garbage-first heap   total 34816K, used 15581K [0x0000000701c00000, 0x0000000800000000)
  region size 2048K, 0 young (0K), 0 survivors (0K)
 Metaspace       used 25376K, committed 25600K, reserved 1073152K
  class space    used 3343K, committed 3456K, reserved 1048576K
}
Event: 9.524 GC heap before
{Heap before GC invocations=26 (full 20):
 garbage-first heap   total 34816K, used 15581K [0x0000000701c00000, 0x0000000800000000)
  region size 2048K, 1 young (2048K), 0 survivors (0K)
 Metaspace       used 25379K, committed 25664K, reserved 1073152K
  class space    used 3343K, committed 3456K, reserved 1048576K
}
Event: 9.563 GC heap after
{Heap after GC invocations=27 (full 21):
 garbage-first heap   total 34816K, used 15581K [0x0000000701c00000, 0x0000000800000000)
  region size 2048K, 0 young (0K), 0 survivors (0K)
 Metaspace       used 25379K, committed 25664K, reserved 1073152K
  class space    used 3343K, committed 3456K, reserved 1048576K
}
Event: 9.842 GC heap before
{Heap before GC invocations=27 (full 21):
 garbage-first heap   total 34816K, used 17629K [0x0000000701c00000, 0x0000000800000000)
  region size 2048K, 2 young (4096K), 0 survivors (0K)
 Metaspace       used 25498K, committed 25728K, reserved 1073152K
  class space    used 3343K, committed 3456K, reserved 1048576K
}
Event: 9.882 GC heap after
{Heap after GC invocations=28 (full 22):
 garbage-first heap   total 34816K, used 15586K [0x0000000701c00000, 0x0000000800000000)
  region size 2048K, 0 young (0K), 0 survivors (0K)
 Metaspace       used 25498K, committed 25728K, reserved 1073152K
  class space    used 3343K, committed 3456K, reserved 1048576K
}
Event: 9.882 GC heap before
{Heap before GC invocations=28 (full 22):
 garbage-first heap   total 34816K, used 15586K [0x0000000701c00000, 0x0000000800000000)
  region size 2048K, 0 young (0K), 0 survivors (0K)
 Metaspace       used 25498K, committed 25728K, reserved 1073152K
  class space    used 3343K, committed 3456K, reserved 1048576K
}
Event: 9.933 GC heap after
{Heap after GC invocations=29 (full 23):
 garbage-first heap   total 34816K, used 15586K [0x0000000701c00000, 0x0000000800000000)
  region size 2048K, 0 young (0K), 0 survivors (0K)
 Metaspace       used 25498K, committed 25728K, reserved 1073152K
  class space    used 3343K, committed 3456K, reserved 1048576K
}
Event: 16.349 GC heap before
{Heap before GC invocations=29 (full 23):
 garbage-first heap   total 34816K, used 21730K [0x0000000701c00000, 0x0000000800000000)
  region size 2048K, 4 young (8192K), 0 survivors (0K)
 Metaspace       used 25861K, committed 26112K, reserved 1073152K
  class space    used 3344K, committed 3456K, reserved 1048576K
}
Event: 16.394 GC heap after
{Heap after GC invocations=30 (full 24):
 garbage-first heap   total 34816K, used 15577K [0x0000000701c00000, 0x0000000800000000)
  region size 2048K, 0 young (0K), 0 survivors (0K)
 Metaspace       used 25861K, committed 26112K, reserved 1073152K
  class space    used 3344K, committed 3456K, reserved 1048576K
}
Event: 17.685 GC heap before
{Heap before GC invocations=30 (full 24):
 garbage-first heap   total 34816K, used 15577K [0x0000000701c00000, 0x0000000800000000)
  region size 2048K, 1 young (2048K), 0 survivors (0K)
 Metaspace       used 25875K, committed 26112K, reserved 1073152K
  class space    used 3344K, committed 3456K, reserved 1048576K
}
Event: 17.723 GC heap after
{Heap after GC invocations=31 (full 25):
 garbage-first heap   total 34816K, used 15585K [0x0000000701c00000, 0x0000000800000000)
  region size 2048K, 0 young (0K), 0 survivors (0K)
 Metaspace       used 25875K, committed 26112K, reserved 1073152K
  class space    used 3344K, committed 3456K, reserved 1048576K
}
Event: 17.795 GC heap before
{Heap before GC invocations=31 (full 25):
 garbage-first heap   total 34816K, used 15585K [0x0000000701c00000, 0x0000000800000000)
  region size 2048K, 1 young (2048K), 0 survivors (0K)
 Metaspace       used 25930K, committed 26176K, reserved 1073152K
  class space    used 3352K, committed 3456K, reserved 1048576K
}
Event: 17.834 GC heap after
{Heap after GC invocations=32 (full 26):
 garbage-first heap   total 34816K, used 15590K [0x0000000701c00000, 0x0000000800000000)
  region size 2048K, 0 young (0K), 0 survivors (0K)
 Metaspace       used 25930K, committed 26176K, reserved 1073152K
  class space    used 3352K, committed 3456K, reserved 1048576K
}
Event: 17.835 GC heap before
{Heap before GC invocations=32 (full 26):
 garbage-first heap   total 34816K, used 15590K [0x0000000701c00000, 0x0000000800000000)
  region size 2048K, 1 young (2048K), 0 survivors (0K)
 Metaspace       used 25944K, committed 26176K, reserved 1073152K
  class space    used 3354K, committed 3456K, reserved 1048576K
}
Event: 17.873 GC heap after
{Heap after GC invocations=33 (full 27):
 garbage-first heap   total 34816K, used 15595K [0x0000000701c00000, 0x0000000800000000)
  region size 2048K, 0 young (0K), 0 survivors (0K)
 Metaspace       used 25944K, committed 26176K, reserved 1073152K
  class space    used 3354K, committed 3456K, reserved 1048576K
}
Event: 17.874 GC heap before
{Heap before GC invocations=33 (full 27):
 garbage-first heap   total 34816K, used 15595K [0x0000000701c00000, 0x0000000800000000)
  region size 2048K, 1 young (2048K), 0 survivors (0K)
 Metaspace       used 25944K, committed 26176K, reserved 1073152K
  class space    used 3354K, committed 3456K, reserved 1048576K
}
Event: 17.913 GC heap after
{Heap after GC invocations=34 (full 28):
 garbage-first heap   total 34816K, used 15593K [0x0000000701c00000, 0x0000000800000000)
  region size 2048K, 0 young (0K), 0 survivors (0K)
 Metaspace       used 25944K, committed 26176K, reserved 1073152K
  class space    used 3354K, committed 3456K, reserved 1048576K
}
Event: 17.914 GC heap before
{Heap before GC invocations=34 (full 28):
 garbage-first heap   total 34816K, used 15593K [0x0000000701c00000, 0x0000000800000000)
  region size 2048K, 1 young (2048K), 0 survivors (0K)
 Metaspace       used 25944K, committed 26176K, reserved 1073152K
  class space    used 3354K, committed 3456K, reserved 1048576K
}
Event: 17.953 GC heap after
{Heap after GC invocations=35 (full 29):
 garbage-first heap   total 34816K, used 15594K [0x0000000701c00000, 0x0000000800000000)
  region size 2048K, 0 young (0K), 0 survivors (0K)
 Metaspace       used 25944K, committed 26176K, reserved 1073152K
  class space    used 3354K, committed 3456K, reserved 1048576K
}
Event: 17.954 GC heap before
{Heap before GC invocations=35 (full 29):
 garbage-first heap   total 34816K, used 15594K [0x0000000701c00000, 0x0000000800000000)
  region size 2048K, 1 young (2048K), 0 survivors (0K)
 Metaspace       used 25945K, committed 26176K, reserved 1073152K
  class space    used 3354K, committed 3456K, reserved 1048576K
}

Deoptimization events (20 events):
Event: 9.564 Thread 0x0000021f7747d3c0 Uncommon trap: trap_request=0xffffffbe fr.pc=0x0000021f62c1e788 relative=0x0000000000006fe8
Event: 9.564 Thread 0x0000021f7747d3c0 Uncommon trap: reason=profile_predicate action=maybe_recompile pc=0x0000021f62c1e788 method=javafx.scene.CssStyleHelper.transitionToState(Ljavafx/scene/Node;)V @ 286 c2
Event: 9.564 Thread 0x0000021f7747d3c0 DEOPT PACKING pc=0x0000021f62c1e788 sp=0x0000005a96dfd7f0
Event: 9.564 Thread 0x0000021f7747d3c0 DEOPT UNPACKING pc=0x0000021f5afcd72e sp=0x0000005a96dfd758 mode 2
Event: 9.564 Thread 0x0000021f7747d3c0 Uncommon trap: trap_request=0xffffffbe fr.pc=0x0000021f62c1e788 relative=0x0000000000006fe8
Event: 9.564 Thread 0x0000021f7747d3c0 Uncommon trap: reason=profile_predicate action=maybe_recompile pc=0x0000021f62c1e788 method=javafx.scene.CssStyleHelper.transitionToState(Ljavafx/scene/Node;)V @ 286 c2
Event: 9.564 Thread 0x0000021f7747d3c0 DEOPT PACKING pc=0x0000021f62c1e788 sp=0x0000005a96dfd7f0
Event: 9.564 Thread 0x0000021f7747d3c0 DEOPT UNPACKING pc=0x0000021f5afcd72e sp=0x0000005a96dfd758 mode 2
Event: 9.936 Thread 0x0000021f7747d3c0 Uncommon trap: trap_request=0xffffffbe fr.pc=0x0000021f62c3e2c4 relative=0x0000000000001ce4
Event: 9.936 Thread 0x0000021f7747d3c0 Uncommon trap: reason=profile_predicate action=maybe_recompile pc=0x0000021f62c3e2c4 method=javafx.scene.CssStyleHelper.transitionToState(Ljavafx/scene/Node;)V @ 282 c2
Event: 9.936 Thread 0x0000021f7747d3c0 DEOPT PACKING pc=0x0000021f62c3e2c4 sp=0x0000005a96dfd540
Event: 9.936 Thread 0x0000021f7747d3c0 DEOPT UNPACKING pc=0x0000021f5afcd72e sp=0x0000005a96dfd4c8 mode 2
Event: 9.940 Thread 0x0000021f7747d3c0 Uncommon trap: trap_request=0xffffffbe fr.pc=0x0000021f62c3e2c4 relative=0x0000000000001ce4
Event: 9.940 Thread 0x0000021f7747d3c0 Uncommon trap: reason=profile_predicate action=maybe_recompile pc=0x0000021f62c3e2c4 method=javafx.scene.CssStyleHelper.transitionToState(Ljavafx/scene/Node;)V @ 282 c2
Event: 9.940 Thread 0x0000021f7747d3c0 DEOPT PACKING pc=0x0000021f62c3e2c4 sp=0x0000005a96dfd540
Event: 9.940 Thread 0x0000021f7747d3c0 DEOPT UNPACKING pc=0x0000021f5afcd72e sp=0x0000005a96dfd4c8 mode 2
Event: 11.331 Thread 0x0000021f7747d3c0 Uncommon trap: trap_request=0xffffffcc fr.pc=0x0000021f62c9a998 relative=0x00000000000013f8
Event: 11.331 Thread 0x0000021f7747d3c0 Uncommon trap: reason=intrinsic_or_type_checked_inlining action=make_not_entrant pc=0x0000021f62c9a998 method=java.util.ArrayList.toArray([Ljava/lang/Object;)[Ljava/lang/Object; @ 36 c2
Event: 11.331 Thread 0x0000021f7747d3c0 DEOPT PACKING pc=0x0000021f62c9a998 sp=0x0000005a96dfd390
Event: 11.331 Thread 0x0000021f7747d3c0 DEOPT UNPACKING pc=0x0000021f5afcd72e sp=0x0000005a96dfd250 mode 2

Classes unloaded (0 events):
No events

Classes redefined (0 events):
No events

Internal exceptions (20 events):
Event: 1.338 Thread 0x0000021f7747d3c0 Exception <a 'java/lang/ClassNotFoundException'{0x0000000703c70218}: com/sun/javafx/scene/control/skin/resources/controls> (0x0000000703c70218) 
thrown [t:\workspace\open\src\hotspot\share\prims\jni.cpp, line 600]
Event: 1.339 Thread 0x0000021f7747d3c0 Exception <a 'java/lang/ClassNotFoundException'{0x0000000703c7dd18}: com/sun/javafx/scene/control/skin/resources/controls_en> (0x0000000703c7dd18) 
thrown [t:\workspace\open\src\hotspot\share\prims\jni.cpp, line 600]
Event: 1.339 Thread 0x0000021f7747d3c0 Exception <a 'java/lang/ClassNotFoundException'{0x0000000703c7f360}: com/sun/javafx/scene/control/skin/resources/controls_en_US> (0x0000000703c7f360) 
thrown [t:\workspace\open\src\hotspot\share\prims\jni.cpp, line 600]
Event: 1.498 Thread 0x0000021f77805f20 Exception <a 'java/lang/NoSuchMethodError'{0x0000000703271968}: 'int java.lang.invoke.DirectMethodHandle$Holder.invokeStaticInit(java.lang.Object, java.lang.Object)'> (0x0000000703271968) 
thrown [t:\workspace\open\src\hotspot\share\interpreter\linkResolver.cpp, line 790]
Event: 2.499 Thread 0x0000021f7747d3c0 Exception <a 'java/lang/NoSuchMethodError'{0x0000000703b9aec8}: 'long java.lang.invoke.DirectMethodHandle$Holder.invokeStatic(java.lang.Object, java.lang.Object, java.lang.Object)'> (0x0000000703b9aec8) 
thrown [t:\workspace\open\src\hotspot\share\interpreter\linkResolver.cpp, line 790]
Event: 2.499 Thread 0x0000021f7747d3c0 Exception <a 'java/lang/NoSuchMethodError'{0x0000000703b9e878}: 'long java.lang.invoke.DirectMethodHandle$Holder.invokeStaticInit(java.lang.Object, java.lang.Object, java.lang.Object)'> (0x0000000703b9e878) 
thrown [t:\workspace\open\src\hotspot\share\interpreter\linkResolver.cpp, line 790]
Event: 2.501 Thread 0x0000021f7747d3c0 Exception <a 'java/lang/NoSuchMethodError'{0x0000000703bb6798}: 'java.lang.Object java.lang.invoke.DirectMethodHandle$Holder.newInvokeSpecial(java.lang.Object, java.lang.Object, long)'> (0x0000000703bb6798) 
thrown [t:\workspace\open\src\hotspot\share\interpreter\linkResolver.cpp, line 790]
Event: 2.501 Thread 0x0000021f7747d3c0 Exception <a 'java/lang/NoSuchMethodError'{0x0000000703bba7f0}: 'java.lang.Object java.lang.invoke.Invokers$Holder.linkToTargetMethod(java.lang.Object, long, java.lang.Object)'> (0x0000000703bba7f0) 
thrown [t:\workspace\open\src\hotspot\share\interpreter\linkResolver.cpp, line 790]
Event: 2.656 Thread 0x0000021f7747d3c0 Exception <a 'java/lang/NoSuchMethodError'{0x0000000703770aa8}: 'void java.lang.invoke.DirectMethodHandle$Holder.invokeSpecial(java.lang.Object, java.lang.Object, java.lang.Object, java.lang.Object, java.lang.Object, java.lang.Object)'> (0x0000000703770aa8) 
thrown [t:\workspace\open\src\hotspot\share\interpreter\linkResolver.cpp, line 790]
Event: 2.658 Thread 0x0000021f7747d3c0 Implicit null exception at 0x0000021f62b493f1 to 0x0000021f62b49aec
Event: 4.086 Thread 0x0000021f7747d3c0 Exception <a 'java/lang/NoSuchMethodError'{0x0000000703548228}: 'java.lang.Object java.lang.invoke.DirectMethodHandle$Holder.newInvokeSpecial(java.lang.Object, java.lang.Object, int, int, int, int, int, java.lang.Object)'> (0x0000000703548228) 
thrown [t:\workspace\open\src\hotspot\share\interpreter\linkResolver.cpp, line 790]
Event: 4.087 Thread 0x0000021f7747d3c0 Exception <a 'java/lang/NoSuchMethodError'{0x000000070355bbe8}: 'java.lang.Object java.lang.invoke.DirectMethodHandle$Holder.newInvokeSpecial(java.lang.Object, java.lang.Object, java.lang.Object, int, int, int, int, int)'> (0x000000070355bbe8) 
thrown [t:\workspace\open\src\hotspot\share\interpreter\linkResolver.cpp, line 790]
Event: 4.087 Thread 0x0000021f7747d3c0 Exception <a 'java/lang/NoSuchMethodError'{0x00000007035639c8}: 'java.lang.Object java.lang.invoke.Invokers$Holder.linkToTargetMethod(java.lang.Object, java.lang.Object, int, int, int, int, int, java.lang.Object)'> (0x00000007035639c8) 
thrown [t:\workspace\open\src\hotspot\share\interpreter\linkResolver.cpp, line 790]
Event: 7.110 Thread 0x0000021f7747d3c0 Exception <a 'java/lang/NoSuchMethodError'{0x00000007035d1530}: 'int java.lang.invoke.DirectMethodHandle$Holder.invokeSpecial(java.lang.Object, java.lang.Object, java.lang.Object)'> (0x00000007035d1530) 
thrown [t:\workspace\open\src\hotspot\share\interpreter\linkResolver.cpp, line 790]
Event: 7.466 Thread 0x0000021f77c9ed70 Exception <a 'sun/nio/fs/WindowsException'{0x0000000703a04680}> (0x0000000703a04680) 
thrown [t:\workspace\open\src\hotspot\share\prims\jni.cpp, line 579]
Event: 7.473 Thread 0x0000021f77c9ed70 Exception <a 'java/lang/NoSuchMethodError'{0x0000000703a528a0}: 'int java.lang.invoke.DirectMethodHandle$Holder.invokeStaticInit(java.lang.Object, java.lang.Object, java.lang.Object, java.lang.Object)'> (0x0000000703a528a0) 
thrown [t:\workspace\open\src\hotspot\share\interpreter\linkResolver.cpp, line 790]
Event: 7.473 Thread 0x0000021f77c9ed70 Exception <a 'java/lang/NoSuchMethodError'{0x0000000703a84220}: 'java.lang.Object java.lang.invoke.DirectMethodHandle$Holder.invokeInterface(java.lang.Object, java.lang.Object)'> (0x0000000703a84220) 
thrown [t:\workspace\open\src\hotspot\share\interpreter\linkResolver.cpp, line 790]
Event: 7.473 Thread 0x0000021f77c9ed70 Exception <a 'java/lang/IncompatibleClassChangeError'{0x0000000703a87c18}: Found class java.lang.Object, but interface was expected> (0x0000000703a87c18) 
thrown [t:\workspace\open\src\hotspot\share\interpreter\linkResolver.cpp, line 857]
Event: 7.564 Thread 0x0000021f7747d3c0 Implicit null exception at 0x0000021f62b695c4 to 0x0000021f62b699e0
Event: 7.564 Thread 0x0000021f7747d3c0 Implicit null exception at 0x0000021f62b9b3b0 to 0x0000021f62b9b400

Events (20 events):
Event: 17.794 Thread 0x0000021f7e553340 Thread added: 0x0000021f7e553340
Event: 17.795 Executing  VM operation: G1CollectFull
Event: 17.795 loading class java/util/concurrent/atomic/AtomicReferenceFieldUpdater
Event: 17.795 loading class java/util/concurrent/atomic/AtomicReferenceFieldUpdater done
Event: 17.834 Executing  VM operation: G1CollectFull done
Event: 17.834 loading class java/util/concurrent/atomic/AtomicReferenceFieldUpdater$AtomicReferenceFieldUpdaterImpl
Event: 17.834 loading class java/util/concurrent/atomic/AtomicReferenceFieldUpdater$AtomicReferenceFieldUpdaterImpl done
Event: 17.834 loading class java/util/concurrent/atomic/AtomicReferenceFieldUpdater$AtomicReferenceFieldUpdaterImpl$1
Event: 17.834 loading class java/util/concurrent/atomic/AtomicReferenceFieldUpdater$AtomicReferenceFieldUpdaterImpl$1 done
Event: 17.835 Thread 0x0000021f7e5528a0 Thread added: 0x0000021f7e5528a0
Event: 17.835 Thread 0x0000021f7e552df0 Thread added: 0x0000021f7e552df0
Event: 17.835 Executing  VM operation: G1CollectFull
Event: 17.874 Executing  VM operation: G1CollectFull done
Event: 17.874 Executing  VM operation: G1CollectFull
Event: 17.913 Executing  VM operation: G1CollectFull done
Event: 17.913 Executing  VM operation: G1CollectFull
Event: 17.913 Thread 0x0000021f7e551e00 Thread added: 0x0000021f7e551e00
Event: 17.953 Executing  VM operation: G1CollectFull done
Event: 17.953 Thread 0x0000021f7e5528a0 Thread exited: 0x0000021f7e5528a0
Event: 17.954 Executing  VM operation: G1CollectFull


Dynamic libraries:
0x00007ff7a7d90000 - 0x00007ff7a7da0000 	C:\Program Files\Java\jdk-16.0.1\bin\java.exe
0x00007ffd6ccf0000 - 0x00007ffd6cee5000 	C:\Windows\SYSTEM32\ntdll.dll
0x00007ffd6c9d0000 - 0x00007ffd6ca8d000 	C:\Windows\System32\KERNEL32.DLL
0x00007ffd6a4e0000 - 0x00007ffd6a7a8000 	C:\Windows\System32\KERNELBASE.dll
0x00007ffd67ce0000 - 0x00007ffd67d70000 	C:\Windows\SYSTEM32\apphelp.dll
0x00007ffd6a9d0000 - 0x00007ffd6aad0000 	C:\Windows\System32\ucrtbase.dll
0x00007ffd534a0000 - 0x00007ffd534b9000 	C:\Program Files\Java\jdk-16.0.1\bin\VCRUNTIME140.dll
0x00007ffd56730000 - 0x00007ffd56748000 	C:\Program Files\Java\jdk-16.0.1\bin\jli.dll
0x00007ffd6c130000 - 0x00007ffd6c1dc000 	C:\Windows\System32\ADVAPI32.dll
0x00007ffd6be80000 - 0x00007ffd6bf1e000 	C:\Windows\System32\msvcrt.dll
0x00007ffd6c010000 - 0x00007ffd6c0ab000 	C:\Windows\System32\sechost.dll
0x00007ffd6b000000 - 0x00007ffd6b12b000 	C:\Windows\System32\RPCRT4.dll
0x00007ffd6cb10000 - 0x00007ffd6ccb0000 	C:\Windows\System32\USER32.dll
0x00007ffd6a9a0000 - 0x00007ffd6a9c2000 	C:\Windows\System32\win32u.dll
0x00007ffd55350000 - 0x00007ffd555ea000 	C:\Windows\WinSxS\amd64_microsoft.windows.common-controls_6595b64144ccf1df_6.0.19041.1052_none_60b8f8fd71f5e8cb\COMCTL32.dll
0x00007ffd6c9a0000 - 0x00007ffd6c9ca000 	C:\Windows\System32\GDI32.dll
0x00007ffd6abd0000 - 0x00007ffd6acdb000 	C:\Windows\System32\gdi32full.dll
0x00007ffd6aad0000 - 0x00007ffd6ab6d000 	C:\Windows\System32\msvcp_win.dll
0x00007ffd64a80000 - 0x00007ffd64a8a000 	C:\Windows\SYSTEM32\VERSION.dll
0x00007ffd6adc0000 - 0x00007ffd6adf0000 	C:\Windows\System32\IMM32.DLL
0x00007ffd59010000 - 0x00007ffd5901c000 	C:\Program Files\Java\jdk-16.0.1\bin\vcruntime140_1.dll
0x00007ffd2a760000 - 0x00007ffd2a7f1000 	C:\Program Files\Java\jdk-16.0.1\bin\msvcp140.dll
0x00007ffd0eb80000 - 0x00007ffd0f72b000 	C:\Program Files\Java\jdk-16.0.1\bin\server\jvm.dll
0x00007ffd6ca90000 - 0x00007ffd6ca98000 	C:\Windows\System32\PSAPI.DLL
0x00007ffd5e4b0000 - 0x00007ffd5e4d7000 	C:\Windows\SYSTEM32\WINMM.dll
0x00007ffd56310000 - 0x00007ffd56319000 	C:\Windows\SYSTEM32\WSOCK32.dll
0x00007ffd6caa0000 - 0x00007ffd6cb0b000 	C:\Windows\System32\WS2_32.dll
0x00007ffd68380000 - 0x00007ffd68392000 	C:\Windows\SYSTEM32\kernel.appcore.dll
0x00007ffd56120000 - 0x00007ffd5612a000 	C:\Program Files\Java\jdk-16.0.1\bin\jimage.dll
0x00007ffd53690000 - 0x00007ffd53874000 	C:\Windows\SYSTEM32\DBGHELP.DLL
0x00007ffd53570000 - 0x00007ffd5359c000 	C:\Windows\SYSTEM32\dbgcore.DLL
0x00007ffd6a7b0000 - 0x00007ffd6a833000 	C:\Windows\System32\bcryptPrimitives.dll
0x00007ffd55c30000 - 0x00007ffd55c3e000 	C:\Program Files\Java\jdk-16.0.1\bin\instrument.dll
0x00007ffd3a950000 - 0x00007ffd3a975000 	C:\Program Files\Java\jdk-16.0.1\bin\java.dll
0x00007ffd6b690000 - 0x00007ffd6bdcf000 	C:\Windows\System32\SHELL32.dll
0x00007ffd68580000 - 0x00007ffd68d10000 	C:\Windows\SYSTEM32\windows.storage.dll
0x00007ffd6c640000 - 0x00007ffd6c995000 	C:\Windows\System32\combase.dll
0x00007ffd69e30000 - 0x00007ffd69e5c000 	C:\Windows\SYSTEM32\Wldp.dll
0x00007ffd6af50000 - 0x00007ffd6affe000 	C:\Windows\System32\SHCORE.dll
0x00007ffd6c1e0000 - 0x00007ffd6c235000 	C:\Windows\System32\shlwapi.dll
0x00007ffd6a370000 - 0x00007ffd6a38f000 	C:\Windows\SYSTEM32\profapi.dll
0x00007ffd51600000 - 0x00007ffd51619000 	C:\Program Files\Java\jdk-16.0.1\bin\net.dll
0x00007ffd61aa0000 - 0x00007ffd61bab000 	C:\Windows\SYSTEM32\WINHTTP.dll
0x00007ffd69ba0000 - 0x00007ffd69c0a000 	C:\Windows\system32\mswsock.dll
0x00007ffd4e530000 - 0x00007ffd4e543000 	C:\Program Files\Java\jdk-16.0.1\bin\nio.dll
0x00007ffd3cfc0000 - 0x00007ffd3cfd8000 	C:\Program Files\Java\jdk-16.0.1\bin\zip.dll
0x00007ffd39f90000 - 0x00007ffd39faa000 	C:\Program Files\JetBrains\IntelliJ IDEA 2021.1.1\bin\breakgen64.dll
0x0000021f537d0000 - 0x0000021f537d3000 	C:\Program Files\Java\javafx-sdk-16\bin\api-ms-win-core-console-l1-1-0.dll
0x0000021f76560000 - 0x0000021f76563000 	C:\Program Files\Java\javafx-sdk-16\bin\api-ms-win-core-console-l1-2-0.dll
0x0000021f76570000 - 0x0000021f76573000 	C:\Program Files\Java\javafx-sdk-16\bin\api-ms-win-core-datetime-l1-1-0.dll
0x0000021f76580000 - 0x0000021f76583000 	C:\Program Files\Java\javafx-sdk-16\bin\api-ms-win-core-debug-l1-1-0.dll
0x0000021f76590000 - 0x0000021f76593000 	C:\Program Files\Java\javafx-sdk-16\bin\api-ms-win-core-errorhandling-l1-1-0.dll
0x0000021f765a0000 - 0x0000021f765a4000 	C:\Program Files\Java\javafx-sdk-16\bin\api-ms-win-core-file-l1-1-0.dll
0x0000021f765b0000 - 0x0000021f765b3000 	C:\Program Files\Java\javafx-sdk-16\bin\api-ms-win-core-file-l1-2-0.dll
0x0000021f765c0000 - 0x0000021f765c3000 	C:\Program Files\Java\javafx-sdk-16\bin\api-ms-win-core-file-l2-1-0.dll
0x0000021f76710000 - 0x0000021f76713000 	C:\Program Files\Java\javafx-sdk-16\bin\api-ms-win-core-handle-l1-1-0.dll
0x0000021f765d0000 - 0x0000021f765d3000 	C:\Program Files\Java\javafx-sdk-16\bin\api-ms-win-core-heap-l1-1-0.dll
0x0000021f765e0000 - 0x0000021f765e3000 	C:\Program Files\Java\javafx-sdk-16\bin\api-ms-win-core-interlocked-l1-1-0.dll
0x0000021f765f0000 - 0x0000021f765f3000 	C:\Program Files\Java\javafx-sdk-16\bin\api-ms-win-core-libraryloader-l1-1-0.dll
0x0000021f76600000 - 0x0000021f76603000 	C:\Program Files\Java\javafx-sdk-16\bin\api-ms-win-core-localization-l1-2-0.dll
0x0000021f76610000 - 0x0000021f76613000 	C:\Program Files\Java\javafx-sdk-16\bin\api-ms-win-core-memory-l1-1-0.dll
0x0000021f76620000 - 0x0000021f76623000 	C:\Program Files\Java\javafx-sdk-16\bin\api-ms-win-core-namedpipe-l1-1-0.dll
0x0000021f76630000 - 0x0000021f76633000 	C:\Program Files\Java\javafx-sdk-16\bin\api-ms-win-core-processenvironment-l1-1-0.dll
0x0000021f76640000 - 0x0000021f76643000 	C:\Program Files\Java\javafx-sdk-16\bin\api-ms-win-core-processthreads-l1-1-0.dll
0x0000021f76650000 - 0x0000021f76653000 	C:\Program Files\Java\javafx-sdk-16\bin\api-ms-win-core-processthreads-l1-1-1.dll
0x0000021f76660000 - 0x0000021f76663000 	C:\Program Files\Java\javafx-sdk-16\bin\api-ms-win-core-profile-l1-1-0.dll
0x0000021f76670000 - 0x0000021f76673000 	C:\Program Files\Java\javafx-sdk-16\bin\api-ms-win-core-rtlsupport-l1-1-0.dll
0x0000021f76680000 - 0x0000021f76683000 	C:\Program Files\Java\javafx-sdk-16\bin\api-ms-win-core-string-l1-1-0.dll
0x0000021f76690000 - 0x0000021f76693000 	C:\Program Files\Java\javafx-sdk-16\bin\api-ms-win-core-synch-l1-1-0.dll
0x0000021f766a0000 - 0x0000021f766a3000 	C:\Program Files\Java\javafx-sdk-16\bin\api-ms-win-core-synch-l1-2-0.dll
0x0000021f766b0000 - 0x0000021f766b3000 	C:\Program Files\Java\javafx-sdk-16\bin\api-ms-win-core-sysinfo-l1-1-0.dll
0x0000021f766c0000 - 0x0000021f766c3000 	C:\Program Files\Java\javafx-sdk-16\bin\api-ms-win-core-timezone-l1-1-0.dll
0x0000021f766d0000 - 0x0000021f766d3000 	C:\Program Files\Java\javafx-sdk-16\bin\api-ms-win-core-util-l1-1-0.dll
0x0000021f766e0000 - 0x0000021f766e3000 	C:\Program Files\Java\javafx-sdk-16\bin\api-ms-win-crt-conio-l1-1-0.dll
0x0000021f766f0000 - 0x0000021f766f4000 	C:\Program Files\Java\javafx-sdk-16\bin\api-ms-win-crt-convert-l1-1-0.dll
0x0000021f76700000 - 0x0000021f76703000 	C:\Program Files\Java\javafx-sdk-16\bin\api-ms-win-crt-environment-l1-1-0.dll
0x0000021f76720000 - 0x0000021f76723000 	C:\Program Files\Java\javafx-sdk-16\bin\api-ms-win-crt-filesystem-l1-1-0.dll
0x0000021f76730000 - 0x0000021f76733000 	C:\Program Files\Java\javafx-sdk-16\bin\api-ms-win-crt-heap-l1-1-0.dll
0x0000021f76740000 - 0x0000021f76743000 	C:\Program Files\Java\javafx-sdk-16\bin\api-ms-win-crt-locale-l1-1-0.dll
0x0000021f76750000 - 0x0000021f76755000 	C:\Program Files\Java\javafx-sdk-16\bin\api-ms-win-crt-math-l1-1-0.dll
0x0000021f76760000 - 0x0000021f76765000 	C:\Program Files\Java\javafx-sdk-16\bin\api-ms-win-crt-multibyte-l1-1-0.dll
0x0000021f76770000 - 0x0000021f76780000 	C:\Program Files\Java\javafx-sdk-16\bin\api-ms-win-crt-private-l1-1-0.dll
0x0000021f76780000 - 0x0000021f76783000 	C:\Program Files\Java\javafx-sdk-16\bin\api-ms-win-crt-process-l1-1-0.dll
0x0000021f76790000 - 0x0000021f76794000 	C:\Program Files\Java\javafx-sdk-16\bin\api-ms-win-crt-runtime-l1-1-0.dll
0x0000021f767a0000 - 0x0000021f767a4000 	C:\Program Files\Java\javafx-sdk-16\bin\api-ms-win-crt-stdio-l1-1-0.dll
0x0000021f767b0000 - 0x0000021f767b4000 	C:\Program Files\Java\javafx-sdk-16\bin\api-ms-win-crt-string-l1-1-0.dll
0x0000021f767c0000 - 0x0000021f767c3000 	C:\Program Files\Java\javafx-sdk-16\bin\api-ms-win-crt-time-l1-1-0.dll
0x0000021f767d0000 - 0x0000021f767d3000 	C:\Program Files\Java\javafx-sdk-16\bin\api-ms-win-crt-utility-l1-1-0.dll
0x00007ffd27590000 - 0x00007ffd2768c000 	C:\Program Files\Java\javafx-sdk-16\bin\ucrtbase.dll
0x00007ffd39a60000 - 0x00007ffd39a79000 	C:\Program Files\Java\javafx-sdk-16\bin\vcruntime140.dll
0x00007ffd52310000 - 0x00007ffd5231c000 	C:\Program Files\Java\javafx-sdk-16\bin\vcruntime140_1.dll
0x00007ffd1be50000 - 0x00007ffd1bee1000 	C:\Program Files\Java\javafx-sdk-16\bin\msvcp140.dll
0x00007ffd34a80000 - 0x00007ffd34aa7000 	C:\Program Files\Java\javafx-sdk-16\bin\prism_d3d.dll
0x00007ffd64520000 - 0x00007ffd646ee000 	C:\Windows\system32\d3d9.dll
0x00007ffd681a0000 - 0x00007ffd681cf000 	C:\Windows\SYSTEM32\dwmapi.dll
0x00007ffd67e20000 - 0x00007ffd67ebe000 	C:\Windows\system32\uxtheme.dll
0x00007ffd273d0000 - 0x00007ffd27535000 	C:\Windows\System32\DriverStore\FileRepository\iigd_dch.inf_amd64_987582d2e5ed9b28\igdumdim64.dll
0x00007ffd6c510000 - 0x00007ffd6c63a000 	C:\Windows\System32\ole32.dll
0x00007ffcf1660000 - 0x00007ffcf5868000 	C:\Windows\System32\DriverStore\FileRepository\iigd_dch.inf_amd64_987582d2e5ed9b28\igd9dxva64.dll
0x00007ffd6adf0000 - 0x00007ffd6aebd000 	C:\Windows\System32\OLEAUT32.dll
0x00007ffd6b1a0000 - 0x00007ffd6b609000 	C:\Windows\System32\SETUPAPI.dll
0x00007ffd6ad10000 - 0x00007ffd6ad5e000 	C:\Windows\System32\cfgmgr32.dll
0x00007ffd6ace0000 - 0x00007ffd6ad07000 	C:\Windows\System32\bcrypt.dll
0x00007ffd5dea0000 - 0x00007ffd5e1d1000 	C:\Windows\System32\DriverStore\FileRepository\iigd_dch.inf_amd64_987582d2e5ed9b28\igdgmm64.dll
0x00007ffd30ca0000 - 0x00007ffd30ce2000 	C:\Program Files\Java\javafx-sdk-16\bin\glass.dll
0x00007ffd6bf30000 - 0x00007ffd6c00a000 	C:\Windows\System32\COMDLG32.dll
0x00007ffd6c240000 - 0x00007ffd6c355000 	C:\Windows\System32\MSCTF.dll
0x00007ffd3ad50000 - 0x00007ffd3ad77000 	C:\Windows\System32\DriverStore\FileRepository\iigd_dch.inf_amd64_987582d2e5ed9b28\igdinfo64.dll
0x00007ffd5b120000 - 0x00007ffd5de98000 	C:\Windows\System32\DriverStore\FileRepository\iigd_dch.inf_amd64_987582d2e5ed9b28\igc64.dll
0x00007ffd60580000 - 0x00007ffd605bb000 	C:\Windows\SYSTEM32\dxcore.dll
0x00007ffd69d70000 - 0x00007ffd69d88000 	C:\Windows\SYSTEM32\CRYPTSP.dll
0x00007ffd69540000 - 0x00007ffd69574000 	C:\Windows\system32\rsaenh.dll
0x00007ffd6a330000 - 0x00007ffd6a35e000 	C:\Windows\SYSTEM32\USERENV.dll
0x00007ffd69d90000 - 0x00007ffd69d9c000 	C:\Windows\SYSTEM32\CRYPTBASE.dll
0x00007ffd69890000 - 0x00007ffd698cb000 	C:\Windows\SYSTEM32\IPHLPAPI.DLL
0x00007ffd6b190000 - 0x00007ffd6b198000 	C:\Windows\System32\NSI.dll
0x00007ffd64110000 - 0x00007ffd64127000 	C:\Windows\SYSTEM32\dhcpcsvc6.DLL
0x00007ffd638d0000 - 0x00007ffd638ed000 	C:\Windows\SYSTEM32\dhcpcsvc.DLL
0x00007ffd698d0000 - 0x00007ffd6999c000 	C:\Windows\SYSTEM32\DNSAPI.dll
0x0000000067740000 - 0x0000000067818000 	C:\Users\bardiademon\AppData\Local\Temp\sqlite-3.34.0-0ac38612-0978-4143-9312-2946d31b27ef-sqlitejdbc.dll
0x00007ffd38760000 - 0x00007ffd38774000 	C:\Program Files\Java\javafx-sdk-16\bin\javafx_font.dll
0x00007ffd59f50000 - 0x00007ffd5a1cf000 	C:\Windows\SYSTEM32\dwrite.dll
0x00007ffd6bdd0000 - 0x00007ffd6be79000 	C:\Windows\System32\clbcatq.dll
0x00007ffd62e10000 - 0x00007ffd62fc4000 	C:\Windows\SYSTEM32\WindowsCodecs.dll
0x00007ffd51530000 - 0x00007ffd5156e000 	C:\Windows\system32\dataexchange.dll
0x00007ffd66fb0000 - 0x00007ffd67196000 	C:\Windows\system32\dcomp.dll
0x00007ffd66040000 - 0x00007ffd662a4000 	C:\Windows\system32\d3d11.dll
0x00007ffd68d70000 - 0x00007ffd68e64000 	C:\Windows\system32\dxgi.dll

dbghelp: loaded successfully - version: 4.0.5 - missing functions: none
symbol engine: initialized successfully - sym options: 0x614 - pdb path: .;C:\Program Files\Java\jdk-16.0.1\bin;C:\Windows\SYSTEM32;C:\Windows\WinSxS\amd64_microsoft.windows.common-controls_6595b64144ccf1df_6.0.19041.1052_none_60b8f8fd71f5e8cb;C:\Program Files\Java\jdk-16.0.1\bin\server;C:\Program Files\JetBrains\IntelliJ IDEA 2021.1.1\bin;C:\Program Files\Java\javafx-sdk-16\bin;C:\Windows\System32\DriverStore\FileRepository\iigd_dch.inf_amd64_987582d2e5ed9b28;C:\Users\bardiademon\AppData\Local\Temp;C:\Program Files\Common Files\Microsoft Shared\Ink;C:\Windows\WinSxS\amd64_microsoft.windows.gdiplus_6595b64144ccf1df_1.1.19041.1023_none_91a0d43ccc8b3035

VM Arguments:
jvm_args: --module-path=C:\Program Files\Java\javafx-sdk-16\lib --add-modules=javafx.controls,javafx.fxml -javaagent:C:\Program Files\JetBrains\IntelliJ IDEA 2021.1.1\lib\idea_rt.jar=53053:C:\Program Files\JetBrains\IntelliJ IDEA 2021.1.1\bin -Dfile.encoding=UTF-8 
java_command: com.bardiademon.Main
java_class_path (initial): E:\Programming\project\java\IDMBardia\target\classes;C:\Users\bardiademon\.m2\repository\org\openjfx\javafx-fxml\16\javafx-fxml-16.jar;C:\Users\bardiademon\.m2\repository\org\openjfx\javafx-fxml\16\javafx-fxml-16-win.jar;C:\Users\bardiademon\.m2\repository\org\openjfx\javafx-controls\16\javafx-controls-16.jar;C:\Users\bardiademon\.m2\repository\org\openjfx\javafx-controls\16\javafx-controls-16-win.jar;C:\Users\bardiademon\.m2\repository\org\openjfx\javafx-graphics\16\javafx-graphics-16.jar;C:\Users\bardiademon\.m2\repository\org\openjfx\javafx-graphics\16\javafx-graphics-16-win.jar;C:\Users\bardiademon\.m2\repository\org\openjfx\javafx-base\16\javafx-base-16.jar;C:\Users\bardiademon\.m2\repository\org\openjfx\javafx-base\16\javafx-base-16-win.jar;C:\Program Files\Java\javafx-sdk-16\lib\src.zip;C:\Program Files\Java\javafx-sdk-16\lib\javafx-swt.jar;C:\Program Files\Java\javafx-sdk-16\lib\javafx.web.jar;C:\Program Files\Java\javafx-sdk-16\lib\javafx.base.jar;C:\Program Files\Java\javafx-sdk-16\lib\javafx.fxml.jar;C:\Program Files\Java\javafx-sdk-16\lib\javafx.media.jar;C:\Program Files\Java\javafx-sdk-16\lib\javafx.swing.jar;C:\Program Files\Java\javafx-sdk-16\lib\javafx.controls.jar;C:\Program Files\Java\javafx-sdk-16\lib\javafx.graphics.jar;E:\Programming\project\java\IDMBardia\data\lib\charm-glisten-4.4.1.jar;C:\Users\bardiademon\.m2\repository\com\jfoenix\jfoenix\9.0.10\jfoenix-9.0.10.jar;C:\Users\bardiademon\.m2\repository\org\xerial\sqlite-jdbc\3.34.0\sqlite-jdbc-3.34.0.jar;C:\Users\bardiademon\.m2\repository\commons-io\commons-io\2.9.0\commons-io-2.9.0.jar;C:\Users\bardiademon\.m2\repository\io\github\url-detector\url-detector\0.1.23\url-detector-0.1.23.jar;C:\Users\bardiademon\.m2\repository\org\apache\commons\commons-lang3\3.3.1\commons-lang3-3.3.1.jar;E:\Programming\project\java\IDMBardia\data\Download.jar
Launcher Type: SUN_STANDARD

[Global flags]
     intx CICompilerCount                          = 4                                         {product} {ergonomic}
     uint ConcGCThreads                            = 2                                         {product} {ergonomic}
     uint G1ConcRefinementThreads                  = 8                                         {product} {ergonomic}
   size_t G1HeapRegionSize                         = 2097152                                   {product} {ergonomic}
    uintx GCDrainStackTargetSize                   = 64                                        {product} {ergonomic}
   size_t InitialHeapSize                          = 268435456                                 {product} {ergonomic}
   size_t MarkStackSize                            = 4194304                                   {product} {ergonomic}
   size_t MaxHeapSize                              = 4265607168                                {product} {ergonomic}
   size_t MaxNewSize                               = 2558525440                                {product} {ergonomic}
   size_t MinHeapDeltaBytes                        = 2097152                                   {product} {ergonomic}
   size_t MinHeapSize                              = 8388608                                   {product} {ergonomic}
    uintx NonNMethodCodeHeapSize                   = 5839372                                {pd product} {ergonomic}
    uintx NonProfiledCodeHeapSize                  = 122909434                              {pd product} {ergonomic}
    uintx ProfiledCodeHeapSize                     = 122909434                              {pd product} {ergonomic}
    uintx ReservedCodeCacheSize                    = 251658240                              {pd product} {ergonomic}
     bool SegmentedCodeCache                       = true                                      {product} {ergonomic}
   size_t SoftMaxHeapSize                          = 4265607168                             {manageable} {ergonomic}
     bool UseCompressedClassPointers               = true                           {product lp64_product} {ergonomic}
     bool UseCompressedOops                        = true                           {product lp64_product} {ergonomic}
     bool UseG1GC                                  = true                                      {product} {ergonomic}
     bool UseLargePagesIndividualAllocation        = false                                  {pd product} {ergonomic}

Logging:
Log output configuration:
 #0: stdout all=warning uptime,level,tags
 #1: stderr all=off uptime,level,tags

Environment Variables:
JAVA_HOME=C:\Program Files\Java\jdk1.8.0_291
PATH=C:\Python39\Scripts\;C:\Python39\;C:\Program Files\Common Files\Oracle\Java\javapath;C:\Program Files (x86)\Common Files\Oracle\Java\javapath;C:\ProgramData\Oracle\Java\javapath;C:\Program Files\Java\jdk1.8.0_291\bin;C:\Windows\system32;C:\Windows;C:\Windows\System32\Wbem;C:\Windows\System32\WindowsPowerShell\v1.0\;C:\Windows\System32\OpenSSH\;C:\Program Files (x86)\NVIDIA Corporation\PhysX\Common;C:\Program Files\NVIDIA Corporation\NVIDIA NvDLISR;C:\Program Files\nodejs\;C:\ProgramData\chocolatey\bin;D:\Program Files\Git\cmd;C:\Program Files\MySQL\MySQL Server 8.0\bin;C:\Program Files\MySQL\MySQL Shell 8.0\bin\;C:\Users\bardiademon\AppData\Local\Microsoft\WindowsApps;C:\Program Files\JetBrains\IntelliJ IDEA 2021.1.1\bin;C:\Program Files\JetBrains\WebStorm 2021.1.1\bin;C:\Users\bardiademon\AppData\Roaming\npm;C:\Users\bardiademon\AppData\Local\Programs\Microsoft VS Code\bin
USERNAME=bardiademon
OS=Windows_NT
PROCESSOR_IDENTIFIER=Intel64 Family 6 Model 158 Stepping 9, GenuineIntel



---------------  S Y S T E M  ---------------

OS:
 Windows 10 , 64 bit Build 19041 (10.0.19041.1023)
OS uptime: 2 days 3:11 hours

CPU: total 8 (initial active 8) (4 cores per cpu, 2 threads per core) family 6 model 158 stepping 9 microcode 0xb4, cx8, cmov, fxsr, ht, mmx, 3dnowpref, sse, sse2, sse3, ssse3, sse4.1, sse4.2, popcnt, lzcnt, tsc, tscinvbit, avx, avx2, aes, erms, clmul, bmi1, bmi2, adx, fma, vzeroupper, clflush, clflushopt

Memory: 4k page, system-wide physical 16265M (7714M free)
TotalPageFile size 18697M (AvailPageFile size 4396M)
current process WorkingSet (physical memory assigned to process): 205M, peak: 242M
current process commit charge ("private bytes"): 228M, peak: 422M

vm_info: Java HotSpot(TM) 64-Bit Server VM (16.0.1+9-24) for windows-amd64 JRE (16.0.1+9-24), built on Mar 26 2021 19:31:42 by "mach5one" with MS VC++ 16.7 (VS2019)

END.
